17:21:33 INFO  : Registering command handlers for SDK TCF services
17:21:34 INFO  : Launching XSCT server: xsct.bat -interactive C:\MyFiles\ARM_CP\AT426-BU-98000-r0p0-00rel0\software\m3_for_arty_a7\sdk_workspace\temp_xsdb_launch_script.tcl
17:21:37 INFO  : XSCT server has started successfully.
17:21:37 INFO  : Successfully done setting XSCT server connection channel  
17:21:37 INFO  : Successfully done setting SDK workspace  
17:21:37 INFO  : Processing command line option -hwspec C:/MyFiles/ARM_CP/AT426-BU-98000-r0p0-00rel0/software/m3_for_arty_a7_wrapper.hdf.
17:24:49 INFO  : Saving repository preferences.
17:24:49 INFO  : Reading in cores from global repositories: 
		 C:\MyFiles\ARM_CP\AT426-BU-98000-r0p0-00rel0\vivado\Arm_sw_repository
17:24:49 INFO  : Cleaning BSP projects in the workspace.
18:10:14 INFO  : Registering command handlers for SDK TCF services
18:10:15 INFO  : Launching XSCT server: xsct.bat -interactive C:\MyFiles\ARM_CP\workspace\software\m3_for_arty_a7\sdk_workspace\temp_xsdb_launch_script.tcl
18:10:18 INFO  : XSCT server has started successfully.
18:10:18 INFO  : Successfully done setting XSCT server connection channel  
18:10:18 INFO  : Successfully done setting SDK workspace  
18:10:18 INFO  : Restoring global repository preferences: 
		 C:\MyFiles\ARM_CP\AT426-BU-98000-r0p0-00rel0\vivado\Arm_sw_repository
18:10:19 INFO  : Processing command line option -hwspec C:/MyFiles/ARM_CP/workspace/software/m3_for_arty_a7_wrapper.hdf.
10:33:09 INFO  : Registering command handlers for SDK TCF services
10:33:10 INFO  : Launching XSCT server: xsct.bat -interactive C:\MyFiles\ARM_CP\workspace\software\m3_for_arty_a7\sdk_workspace\temp_xsdb_launch_script.tcl
10:33:13 INFO  : XSCT server has started successfully.
10:33:13 INFO  : Successfully done setting XSCT server connection channel  
10:33:14 INFO  : Successfully done setting SDK workspace  
10:33:14 INFO  : Restoring global repository preferences: 
		 C:\MyFiles\ARM_CP\AT426-BU-98000-r0p0-00rel0\vivado\Arm_sw_repository
10:33:14 INFO  : Processing command line option -hwspec C:/MyFiles/ARM_CP/workspace/software/m3_for_arty_a7_wrapper.hdf.
10:34:22 ERROR : Failed to regenerate sources for BSP project standalone_bsp_0
org.eclipse.core.internal.resources.ResourceException: Problems encountered while deleting resources.
	at org.eclipse.core.internal.resources.Resource.delete(Resource.java:795)
	at org.eclipse.core.internal.resources.Resource.delete(Resource.java:750)
	at com.xilinx.sdk.sw.ui.handlers.RegenBspSourcesHandler.internalGenerateBsp(RegenBspSourcesHandler.java:170)
	at com.xilinx.sdk.sw.ui.handlers.RegenBspSourcesHandler.access$2(RegenBspSourcesHandler.java:163)
	at com.xilinx.sdk.sw.ui.handlers.RegenBspSourcesHandler$1$1.run(RegenBspSourcesHandler.java:131)
	at org.eclipse.core.internal.resources.Workspace.run(Workspace.java:2240)
	at org.eclipse.core.internal.resources.Workspace.run(Workspace.java:2267)
	at com.xilinx.sdk.sw.ui.handlers.RegenBspSourcesHandler$1.run(RegenBspSourcesHandler.java:135)
	at org.eclipse.jface.operation.ModalContext$ModalContextThread.run(ModalContext.java:119)
Contains: Could not delete '/standalone_bsp_0/Cortex_M3_0'.
org.eclipse.core.internal.resources.ResourceException: Problems encountered while deleting resources.
	at org.eclipse.core.internal.localstore.FileSystemResourceManager.delete(FileSystemResourceManager.java:370)
	at org.eclipse.core.internal.resources.ResourceTree.internalDeleteFolder(ResourceTree.java:358)
	at org.eclipse.core.internal.resources.ResourceTree.standardDeleteFolder(ResourceTree.java:810)
	at org.eclipse.core.internal.resources.Resource.unprotectedDelete(Resource.java:1832)
	at org.eclipse.core.internal.resources.Resource.delete(Resource.java:782)
	at org.eclipse.core.internal.resources.Resource.delete(Resource.java:750)
	at com.xilinx.sdk.sw.ui.handlers.RegenBspSourcesHandler.internalGenerateBsp(RegenBspSourcesHandler.java:170)
	at com.xilinx.sdk.sw.ui.handlers.RegenBspSourcesHandler.access$2(RegenBspSourcesHandler.java:163)
	at com.xilinx.sdk.sw.ui.handlers.RegenBspSourcesHandler$1$1.run(RegenBspSourcesHandler.java:131)
	at org.eclipse.core.internal.resources.Workspace.run(Workspace.java:2240)
	at org.eclipse.core.internal.resources.Workspace.run(Workspace.java:2267)
	at com.xilinx.sdk.sw.ui.handlers.RegenBspSourcesHandler$1.run(RegenBspSourcesHandler.java:135)
	at org.eclipse.jface.operation.ModalContext$ModalContextThread.run(ModalContext.java:119)
Contains: Problems encountered while deleting files.
Contains: Could not delete: C:\MyFiles\ARM_CP\workspace\software\m3_for_arty_a7\sdk_workspace\standalone_bsp_0\Cortex_M3_0.
java.nio.file.DirectoryNotEmptyException: C:\MyFiles\ARM_CP\workspace\software\m3_for_arty_a7\sdk_workspace\standalone_bsp_0\Cortex_M3_0
	at sun.nio.fs.WindowsFileSystemProvider.implDelete(WindowsFileSystemProvider.java:266)
	at sun.nio.fs.AbstractFileSystemProvider.deleteIfExists(AbstractFileSystemProvider.java:108)
	at java.nio.file.Files.deleteIfExists(Files.java:1165)
	at org.eclipse.core.internal.filesystem.local.LocalFile.internalDelete(LocalFile.java:243)
	at org.eclipse.core.internal.filesystem.local.LocalFile.delete(LocalFile.java:136)
	at org.eclipse.core.internal.localstore.DeleteVisitor.delete(DeleteVisitor.java:63)
	at org.eclipse.core.internal.localstore.DeleteVisitor.visit(DeleteVisitor.java:151)
	at org.eclipse.core.internal.localstore.UnifiedTree.accept(UnifiedTree.java:111)
	at org.eclipse.core.internal.localstore.FileSystemResourceManager.delete(FileSystemResourceManager.java:367)
	at org.eclipse.core.internal.resources.ResourceTree.internalDeleteFolder(ResourceTree.java:358)
	at org.eclipse.core.internal.resources.ResourceTree.standardDeleteFolder(ResourceTree.java:810)
	at org.eclipse.core.internal.resources.Resource.unprotectedDelete(Resource.java:1832)
	at org.eclipse.core.internal.resources.Resource.delete(Resource.java:782)
	at org.eclipse.core.internal.resources.Resource.delete(Resource.java:750)
	at com.xilinx.sdk.sw.ui.handlers.RegenBspSourcesHandler.internalGenerateBsp(RegenBspSourcesHandler.java:170)
	at com.xilinx.sdk.sw.ui.handlers.RegenBspSourcesHandler.access$2(RegenBspSourcesHandler.java:163)
	at com.xilinx.sdk.sw.ui.handlers.RegenBspSourcesHandler$1$1.run(RegenBspSourcesHandler.java:131)
	at org.eclipse.core.internal.resources.Workspace.run(Workspace.java:2240)
	at org.eclipse.core.internal.resources.Workspace.run(Workspace.java:2267)
	at com.xilinx.sdk.sw.ui.handlers.RegenBspSourcesHandler$1.run(RegenBspSourcesHandler.java:135)
	at org.eclipse.jface.operation.ModalContext$ModalContextThread.run(ModalContext.java:119)
14:52:13 INFO  : Launching XSCT server: xsct.bat -interactive C:\MyFiles\ARM_CP\workspace\software\m3_for_arty_a7\sdk_workspace\temp_xsdb_launch_script.tcl
14:52:16 INFO  : XSCT server has started successfully.
14:52:17 INFO  : Successfully done setting XSCT server connection channel  
14:52:17 INFO  : Successfully done setting SDK workspace  
14:52:17 INFO  : Restoring global repository preferences: 
		 C:\MyFiles\ARM_CP\AT426-BU-98000-r0p0-00rel0\vivado\Arm_sw_repository
14:52:22 INFO  : Registering command handlers for SDK TCF services
14:52:22 INFO  : Processing command line option -hwspec C:/MyFiles/ARM_CP/workspace/software/m3_for_arty_a7_wrapper.hdf.
14:52:22 INFO  : Checking for hwspec changes in the project m3_for_arty_a7_wrapper_hw_platform_0.
14:52:22 INFO  : SDK has detected change in the last modified timestamps for source hardware specification file Source:1555138317231,  Project:1555122726809
14:52:22 INFO  : The hardware specification for project 'm3_for_arty_a7_wrapper_hw_platform_0' is different from C:/MyFiles/ARM_CP/workspace/software/m3_for_arty_a7_wrapper.hdf.
14:52:23 INFO  : Copied contents of C:/MyFiles/ARM_CP/workspace/software/m3_for_arty_a7_wrapper.hdf into \m3_for_arty_a7_wrapper_hw_platform_0\system.hdf.
14:52:23 INFO  : Synchronizing projects in the workspace with the hardware platform specification changes.
14:52:25 INFO  : 
14:52:25 INFO  : Clearing existing target manager status.
14:52:25 INFO  : Closing and re-opening the MSS file of ther project standalone_bsp_0
14:52:27 INFO  : Workspace synchronized with the new hardware specification file. Cleaning dependent projects...
14:52:28 WARN  : Linker script will not be updated automatically. Users need to update it manually.
18:36:28 INFO  : SDK has detected change in the last modified timestamps for source hardware specification file Source:1555151783602,  Project:1555138317231
18:36:28 INFO  : Project m3_for_arty_a7_wrapper_hw_platform_0's source hardware specification located at C:/MyFiles/ARM_CP/workspace/software/m3_for_arty_a7_wrapper.hdf is now different from the local copy.
		 The local copy will be replaced with the source specification and your workspace will be updated.
18:36:31 INFO  : Copied contents of C:/MyFiles/ARM_CP/workspace/software/m3_for_arty_a7_wrapper.hdf into \m3_for_arty_a7_wrapper_hw_platform_0\system.hdf.
18:36:31 INFO  : Synchronizing projects in the workspace with the hardware platform specification changes.
18:36:32 ERROR : (XSDB Server)ERROR: [Hsi 55-1433] Error boost::filesystem::remove: 目录不是空的。: "C:\MyFiles\ARM_CP\workspace\software\m3_for_arty_a7\sdk_workspace\standalone_bsp_0/Cortex_M3_0\libsrc\iic_v3_4"

18:36:32 ERROR : (XSDB Server)ERROR: [Hsi 55-1450] Error: running generate_bsp.

18:36:33 ERROR : Failed to call sync_sw_with_hw_change
Reason: ERROR: [Common 17-39] 'hsi::generate_bsp' failed due to earlier errors.

18:36:33 ERROR : Error updating BSP project MSS files.
18:36:33 INFO  : Clearing existing target manager status.
18:36:33 INFO  : Closing and re-opening the MSS file of ther project standalone_bsp_0
18:36:33 INFO  : Workspace synchronized with the new hardware specification file. Cleaning dependent projects...
18:36:34 WARN  : Linker script will not be updated automatically. Users need to update it manually.
17:19:39 INFO  : Launching XSCT server: xsct.bat -interactive C:\MyFiles\ARM_CP\workspace\software\m3_for_arty_a7\sdk_workspace\temp_xsdb_launch_script.tcl
17:19:42 INFO  : XSCT server has started successfully.
17:19:43 INFO  : Successfully done setting XSCT server connection channel  
17:19:43 INFO  : Successfully done setting SDK workspace  
17:19:43 INFO  : Restoring global repository preferences: 
		 C:\MyFiles\ARM_CP\AT426-BU-98000-r0p0-00rel0\vivado\Arm_sw_repository
17:19:43 WARN  : Invalid repository path C:\MyFiles\ARM_CP\AT426-BU-98000-r0p0-00rel0\vivado\Arm_sw_repository.
17:19:45 ERROR : (XSDB Server)ERROR: [Hsi 55-1594] Core cpu_cortexm3 of version 1.0 not found in repositories

17:19:45 ERROR : (XSDB Server)ERROR: [Hsi 55-1452] Error: running open_sw_design.

17:19:45 ERROR :  [Common 17-39] 'hsi::open_sw_design' failed due to earlier errors.
17:19:45 ERROR : (XSDB Server)ERROR: [Hsi 55-1594] Core cpu_cortexm3 of version 1.0 not found in repositories

17:19:45 ERROR : (XSDB Server)ERROR: [Hsi 55-1452] Error: running open_sw_design.

17:19:45 INFO  : Unable to read in MSS file C:\MyFiles\ARM_CP\workspace\software\m3_for_arty_a7\sdk_workspace\standalone_bsp_0\system.mss : null
17:19:45 ERROR : (XSDB Server)ERROR: [Hsi 55-1594] Core cpu_cortexm3 of version 1.0 not found in repositories
ERROR: [Hsi 55-1452] Error: running open_sw_design.

17:19:45 ERROR : (XSDB Server)ERROR: [Hsi 55-1594] Core cpu_cortexm3 of version 1.0 not found in repositories

17:19:45 ERROR : (XSDB Server)ERROR: [Hsi 55-1452] Error: running open_sw_design.

17:19:45 ERROR : (XSDB Server)ERROR: [Hsi 55-1594] Core cpu_cortexm3 of version 1.0 not found in repositories

17:19:45 ERROR : (XSDB Server)ERROR: [Hsi 55-1452] Error: running open_sw_design.

17:19:45 ERROR :  [Common 17-39] 'hsi::open_sw_design' failed due to earlier errors.
17:19:45 ERROR : (XSDB Server)ERROR: [Hsi 55-1594] Core cpu_cortexm3 of version 1.0 not found in repositories

17:19:45 ERROR : (XSDB Server)ERROR: [Hsi 55-1452] Error: running open_sw_design.

17:19:45 INFO  : Unable to read in MSS file C:\MyFiles\ARM_CP\workspace\software\m3_for_arty_a7\sdk_workspace\standalone_bsp_0\system.mss : null
17:19:45 ERROR : (XSDB Server)ERROR: [Hsi 55-1594] Core cpu_cortexm3 of version 1.0 not found in repositories

17:19:45 ERROR : (XSDB Server)ERROR: [Hsi 55-1452] Error: running open_sw_design.

17:19:45 ERROR : Failed to closesw "C:/MyFiles/ARM_CP/workspace/software/m3_for_arty_a7/sdk_workspace/standalone_bsp_0/system.mss"
Reason: Cannot close sw design 'C:/MyFiles/ARM_CP/workspace/software/m3_for_arty_a7/sdk_workspace/standalone_bsp_0/system.mss'.
Design is not opened in the current session.


17:19:47 INFO  : Registering command handlers for SDK TCF services
17:19:47 INFO  : Processing command line option -hwspec C:/MyFiles/ARM_CP/workspace/software/m3_for_arty_a7_wrapper.hdf.
17:19:47 INFO  : Checking for hwspec changes in the project m3_for_arty_a7_wrapper_hw_platform_0.
17:19:47 INFO  : SDK has detected change in the last modified timestamps for source hardware specification file Source:1555233548501,  Project:1555151783602
17:19:47 INFO  : The hardware specification for project 'm3_for_arty_a7_wrapper_hw_platform_0' is different from C:/MyFiles/ARM_CP/workspace/software/m3_for_arty_a7_wrapper.hdf.
17:19:48 INFO  : Copied contents of C:/MyFiles/ARM_CP/workspace/software/m3_for_arty_a7_wrapper.hdf into \m3_for_arty_a7_wrapper_hw_platform_0\system.hdf.
17:19:48 INFO  : Synchronizing projects in the workspace with the hardware platform specification changes.
17:19:49 ERROR : (XSDB Server)ERROR: [Hsi 55-1594] Core cpu_cortexm3 of version 1.0 not found in repositories

17:19:49 ERROR : Failed to call sync_sw_with_hw_change
Reason: ERROR: [Common 17-39] 'hsi::open_sw_design' failed due to earlier errors.

17:19:49 ERROR : (XSDB Server)ERROR: [Hsi 55-1452] Error: running open_sw_design.

17:19:49 ERROR : Error updating BSP project MSS files.
17:19:49 INFO  : Clearing existing target manager status.
17:19:49 INFO  : Closing and re-opening the MSS file of ther project standalone_bsp_0
17:19:49 ERROR : (XSDB Server)ERROR: [Hsi 55-1594] Core cpu_cortexm3 of version 1.0 not found in repositories

17:19:49 ERROR : (XSDB Server)ERROR: [Hsi 55-1403] C:/MyFiles/ARM_CP/workspace/software/m3_for_arty_a7/sdk_workspace/standalone_bsp_0/system.mss line 35 - No IP instance named axi_gpio_1 present in hardware design
ERROR: [Hsi 55-1403] C:/MyFiles/ARM_CP/workspace/software/m3_for_arty_a7/sdk_workspace/standalone_bsp_0/system.mss line 41 - No IP instance named axi_iic_0 present in hardware design

17:19:49 ERROR : (XSDB Server)ERROR: [Hsi 55-1403] C:/MyFiles/ARM_CP/workspace/software/m3_for_arty_a7/sdk_workspace/standalone_bsp_0/system.mss line 53 - No IP instance named axi_uartlite_0 present in hardware design
ERROR: [Hsi 55-1452] Error: running open_sw_design.

17:19:49 ERROR :  [Common 17-39] 'hsi::open_sw_design' failed due to earlier errors.
17:19:50 ERROR : (XSDB Server)ERROR: [Hsi 55-1594] Core cpu_cortexm3 of version 1.0 not found in repositories

17:19:50 ERROR : (XSDB Server)ERROR: [Hsi 55-1403] C:/MyFiles/ARM_CP/workspace/software/m3_for_arty_a7/sdk_workspace/standalone_bsp_0/system.mss line 35 - No IP instance named axi_gpio_1 present in hardware design

17:19:50 ERROR : (XSDB Server)ERROR: [Hsi 55-1403] C:/MyFiles/ARM_CP/workspace/software/m3_for_arty_a7/sdk_workspace/standalone_bsp_0/system.mss line 41 - No IP instance named axi_iic_0 present in hardware design

17:19:50 ERROR : (XSDB Server)ERROR: [Hsi 55-1403] C:/MyFiles/ARM_CP/workspace/software/m3_for_arty_a7/sdk_workspace/standalone_bsp_0/system.mss line 53 - No IP instance named axi_uartlite_0 present in hardware design

17:19:50 ERROR : (XSDB Server)ERROR: [Hsi 55-1452] Error: running open_sw_design.

17:19:50 INFO  : Unable to read in MSS file C:\MyFiles\ARM_CP\workspace\software\m3_for_arty_a7\sdk_workspace\standalone_bsp_0\system.mss : null
17:19:50 ERROR : (XSDB Server)ERROR: [Hsi 55-1594] Core cpu_cortexm3 of version 1.0 not found in repositories

17:19:50 ERROR : (XSDB Server)ERROR: [Hsi 55-1403] C:/MyFiles/ARM_CP/workspace/software/m3_for_arty_a7/sdk_workspace/standalone_bsp_0/system.mss line 35 - No IP instance named axi_gpio_1 present in hardware design
ERROR: [Hsi 55-1403] C:/MyFiles/ARM_CP/workspace/software/m3_for_arty_a7/sdk_workspace/standalone_bsp_0/system.mss line 41 - No IP instance named axi_iic_0 present in hardware design

17:19:50 ERROR : (XSDB Server)ERROR: [Hsi 55-1403] C:/MyFiles/ARM_CP/workspace/software/m3_for_arty_a7/sdk_workspace/standalone_bsp_0/system.mss line 53 - No IP instance named axi_uartlite_0 present in hardware design

17:19:50 ERROR : (XSDB Server)ERROR: [Hsi 55-1452] Error: running open_sw_design.

17:19:50 ERROR : (XSDB Server)ERROR: [Hsi 55-1594] Core cpu_cortexm3 of version 1.0 not found in repositories

17:19:50 ERROR : (XSDB Server)ERROR: [Hsi 55-1403] C:/MyFiles/ARM_CP/workspace/software/m3_for_arty_a7/sdk_workspace/standalone_bsp_0/system.mss line 35 - No IP instance named axi_gpio_1 present in hardware design

17:19:50 ERROR : (XSDB Server)ERROR: [Hsi 55-1403] C:/MyFiles/ARM_CP/workspace/software/m3_for_arty_a7/sdk_workspace/standalone_bsp_0/system.mss line 41 - No IP instance named axi_iic_0 present in hardware design

17:19:50 ERROR : (XSDB Server)ERROR: [Hsi 55-1403] C:/MyFiles/ARM_CP/workspace/software/m3_for_arty_a7/sdk_workspace/standalone_bsp_0/system.mss line 53 - No IP instance named axi_uartlite_0 present in hardware design

17:19:50 ERROR : (XSDB Server)ERROR: [Hsi 55-1452] Error: running open_sw_design.

17:19:50 ERROR : (XSDB Server)ERROR: [Hsi 55-1594] Core cpu_cortexm3 of version 1.0 not found in repositories

17:19:50 ERROR : (XSDB Server)ERROR: [Hsi 55-1403] C:/MyFiles/ARM_CP/workspace/software/m3_for_arty_a7/sdk_workspace/standalone_bsp_0/system.mss line 35 - No IP instance named axi_gpio_1 present in hardware design
ERROR: [Hsi 55-1403] C:/MyFiles/ARM_CP/workspace/software/m3_for_arty_a7/sdk_workspace/standalone_bsp_0/system.mss line 41 - No IP instance named axi_iic_0 present in hardware design

17:19:50 ERROR : (XSDB Server)ERROR: [Hsi 55-1403] C:/MyFiles/ARM_CP/workspace/software/m3_for_arty_a7/sdk_workspace/standalone_bsp_0/system.mss line 53 - No IP instance named axi_uartlite_0 present in hardware design

17:19:50 ERROR : (XSDB Server)ERROR: [Hsi 55-1452] Error: running open_sw_design.

17:19:50 ERROR :  [Common 17-39] 'hsi::open_sw_design' failed due to earlier errors.
17:19:50 ERROR : (XSDB Server)ERROR: [Hsi 55-1594] Core cpu_cortexm3 of version 1.0 not found in repositories

17:19:50 ERROR : (XSDB Server)ERROR: [Hsi 55-1403] C:/MyFiles/ARM_CP/workspace/software/m3_for_arty_a7/sdk_workspace/standalone_bsp_0/system.mss line 35 - No IP instance named axi_gpio_1 present in hardware design

17:19:50 ERROR : (XSDB Server)ERROR: [Hsi 55-1403] C:/MyFiles/ARM_CP/workspace/software/m3_for_arty_a7/sdk_workspace/standalone_bsp_0/system.mss line 41 - No IP instance named axi_iic_0 present in hardware design

17:19:50 ERROR : (XSDB Server)ERROR: [Hsi 55-1403] C:/MyFiles/ARM_CP/workspace/software/m3_for_arty_a7/sdk_workspace/standalone_bsp_0/system.mss line 53 - No IP instance named axi_uartlite_0 present in hardware design

17:19:50 ERROR : (XSDB Server)ERROR: [Hsi 55-1452] Error: running open_sw_design.

17:19:50 INFO  : Unable to read in MSS file C:\MyFiles\ARM_CP\workspace\software\m3_for_arty_a7\sdk_workspace\standalone_bsp_0\system.mss : null
17:19:50 ERROR : (XSDB Server)ERROR: [Hsi 55-1594] Core cpu_cortexm3 of version 1.0 not found in repositories

17:19:50 ERROR : (XSDB Server)ERROR: [Hsi 55-1403] C:/MyFiles/ARM_CP/workspace/software/m3_for_arty_a7/sdk_workspace/standalone_bsp_0/system.mss line 35 - No IP instance named axi_gpio_1 present in hardware design

17:19:50 ERROR : (XSDB Server)ERROR: [Hsi 55-1403] C:/MyFiles/ARM_CP/workspace/software/m3_for_arty_a7/sdk_workspace/standalone_bsp_0/system.mss line 41 - No IP instance named axi_iic_0 present in hardware design
ERROR: [Hsi 55-1403] C:/MyFiles/ARM_CP/workspace/software/m3_for_arty_a7/sdk_workspace/standalone_bsp_0/system.mss line 53 - No IP instance named axi_uartlite_0 present in hardware design
ERROR: [Hsi 55-1452] Error: running open_sw_design.

17:19:50 ERROR : Failed to closesw "C:/MyFiles/ARM_CP/workspace/software/m3_for_arty_a7/sdk_workspace/standalone_bsp_0/system.mss"
Reason: Cannot close sw design 'C:/MyFiles/ARM_CP/workspace/software/m3_for_arty_a7/sdk_workspace/standalone_bsp_0/system.mss'.
Design is not opened in the current session.


17:19:50 INFO  : Workspace synchronized with the new hardware specification file. Cleaning dependent projects...
17:19:51 WARN  : Linker script will not be updated automatically. Users need to update it manually.
17:20:08 ERROR : (XSDB Server)ERROR: [Hsi 55-1594] Core cpu_cortexm3 of version 1.0 not found in repositories

17:20:08 ERROR :  [Common 17-39] 'hsi::open_sw_design' failed due to earlier errors.
17:20:08 ERROR : (XSDB Server)ERROR: [Hsi 55-1403] C:/MyFiles/ARM_CP/workspace/software/m3_for_arty_a7/sdk_workspace/standalone_bsp_0/system.mss line 35 - No IP instance named axi_gpio_1 present in hardware design
ERROR: [Hsi 55-1403] C:/MyFiles/ARM_CP/workspace/software/m3_for_arty_a7/sdk_workspace/standalone_bsp_0/system.mss line 41 - No IP instance named axi_iic_0 present in hardware design
ERROR: [Hsi 55-1403] C:/MyFiles/ARM_CP/workspace/software/m3_for_arty_a7/sdk_workspace/standalone_bsp_0/system.mss line 53 - No IP instance named axi_uartlite_0 present in hardware design
ERROR: [Hsi 55-1452] Error: running open_sw_design.

17:20:08 ERROR : (XSDB Server)ERROR: [Hsi 55-1594] Core cpu_cortexm3 of version 1.0 not found in repositories

17:20:08 ERROR : (XSDB Server)ERROR: [Hsi 55-1403] C:/MyFiles/ARM_CP/workspace/software/m3_for_arty_a7/sdk_workspace/standalone_bsp_0/system.mss line 35 - No IP instance named axi_gpio_1 present in hardware design

17:20:08 ERROR : (XSDB Server)ERROR: [Hsi 55-1403] C:/MyFiles/ARM_CP/workspace/software/m3_for_arty_a7/sdk_workspace/standalone_bsp_0/system.mss line 41 - No IP instance named axi_iic_0 present in hardware design

17:20:08 ERROR : (XSDB Server)ERROR: [Hsi 55-1403] C:/MyFiles/ARM_CP/workspace/software/m3_for_arty_a7/sdk_workspace/standalone_bsp_0/system.mss line 53 - No IP instance named axi_uartlite_0 present in hardware design

17:20:08 ERROR : (XSDB Server)ERROR: [Hsi 55-1452] Error: running open_sw_design.

17:20:08 INFO  : Unable to read in MSS file C:\MyFiles\ARM_CP\workspace\software\m3_for_arty_a7\sdk_workspace\standalone_bsp_0\system.mss : null
17:20:08 ERROR : (XSDB Server)ERROR: [Hsi 55-1594] Core cpu_cortexm3 of version 1.0 not found in repositories

17:20:08 ERROR : (XSDB Server)ERROR: [Hsi 55-1403] C:/MyFiles/ARM_CP/workspace/software/m3_for_arty_a7/sdk_workspace/standalone_bsp_0/system.mss line 35 - No IP instance named axi_gpio_1 present in hardware design

17:20:08 ERROR : (XSDB Server)ERROR: [Hsi 55-1403] C:/MyFiles/ARM_CP/workspace/software/m3_for_arty_a7/sdk_workspace/standalone_bsp_0/system.mss line 41 - No IP instance named axi_iic_0 present in hardware design

17:20:08 ERROR : (XSDB Server)ERROR: [Hsi 55-1403] C:/MyFiles/ARM_CP/workspace/software/m3_for_arty_a7/sdk_workspace/standalone_bsp_0/system.mss line 53 - No IP instance named axi_uartlite_0 present in hardware design

17:20:08 ERROR : (XSDB Server)ERROR: [Hsi 55-1452] Error: running open_sw_design.

17:20:08 ERROR : (XSDB Server)ERROR: [Hsi 55-1594] Core cpu_cortexm3 of version 1.0 not found in repositories

17:20:08 ERROR : (XSDB Server)ERROR: [Hsi 55-1403] C:/MyFiles/ARM_CP/workspace/software/m3_for_arty_a7/sdk_workspace/standalone_bsp_0/system.mss line 35 - No IP instance named axi_gpio_1 present in hardware design
ERROR: [Hsi 55-1403] C:/MyFiles/ARM_CP/workspace/software/m3_for_arty_a7/sdk_workspace/standalone_bsp_0/system.mss line 41 - No IP instance named axi_iic_0 present in hardware design

17:20:08 ERROR : (XSDB Server)ERROR: [Hsi 55-1403] C:/MyFiles/ARM_CP/workspace/software/m3_for_arty_a7/sdk_workspace/standalone_bsp_0/system.mss line 53 - No IP instance named axi_uartlite_0 present in hardware design

17:20:08 ERROR : (XSDB Server)ERROR: [Hsi 55-1452] Error: running open_sw_design.

17:20:08 ERROR : Failed to get_connected_periphs
Reason: ERROR: [Common 17-55] 'get_property' expects at least one object.
Resolution: If [get_<value>] was used to populate the object, check to make sure this command returns at least one valid object.

17:20:09 ERROR : (XSDB Server)ERROR: [Hsi 55-1594] Core cpu_cortexm3 of version 1.0 not found in repositories

17:20:09 ERROR :  [Common 17-39] 'hsi::open_sw_design' failed due to earlier errors.
17:20:09 ERROR : (XSDB Server)ERROR: [Hsi 55-1403] C:/MyFiles/ARM_CP/workspace/software/m3_for_arty_a7/sdk_workspace/standalone_bsp_0/system.mss line 35 - No IP instance named axi_gpio_1 present in hardware design
ERROR: [Hsi 55-1403] C:/MyFiles/ARM_CP/workspace/software/m3_for_arty_a7/sdk_workspace/standalone_bsp_0/system.mss line 41 - No IP instance named axi_iic_0 present in hardware design
ERROR: [Hsi 55-1403] C:/MyFiles/ARM_CP/workspace/software/m3_for_arty_a7/sdk_workspace/standalone_bsp_0/system.mss line 53 - No IP instance named axi_uartlite_0 present in hardware design
ERROR: [Hsi 55-1452] Error: running open_sw_design.

17:20:09 ERROR : (XSDB Server)ERROR: [Hsi 55-1594] Core cpu_cortexm3 of version 1.0 not found in repositories

17:20:09 ERROR : (XSDB Server)ERROR: [Hsi 55-1403] C:/MyFiles/ARM_CP/workspace/software/m3_for_arty_a7/sdk_workspace/standalone_bsp_0/system.mss line 35 - No IP instance named axi_gpio_1 present in hardware design
ERROR: [Hsi 55-1403] C:/MyFiles/ARM_CP/workspace/software/m3_for_arty_a7/sdk_workspace/standalone_bsp_0/system.mss line 41 - No IP instance named axi_iic_0 present in hardware design

17:20:09 ERROR : (XSDB Server)ERROR: [Hsi 55-1403] C:/MyFiles/ARM_CP/workspace/software/m3_for_arty_a7/sdk_workspace/standalone_bsp_0/system.mss line 53 - No IP instance named axi_uartlite_0 present in hardware design

17:20:09 ERROR : (XSDB Server)ERROR: [Hsi 55-1452] Error: running open_sw_design.

17:20:09 INFO  : Unable to read in MSS file C:\MyFiles\ARM_CP\workspace\software\m3_for_arty_a7\sdk_workspace\standalone_bsp_0\system.mss : null
17:20:09 ERROR : (XSDB Server)ERROR: [Hsi 55-1594] Core cpu_cortexm3 of version 1.0 not found in repositories

17:20:09 ERROR : (XSDB Server)ERROR: [Hsi 55-1403] C:/MyFiles/ARM_CP/workspace/software/m3_for_arty_a7/sdk_workspace/standalone_bsp_0/system.mss line 35 - No IP instance named axi_gpio_1 present in hardware design
ERROR: [Hsi 55-1403] C:/MyFiles/ARM_CP/workspace/software/m3_for_arty_a7/sdk_workspace/standalone_bsp_0/system.mss line 41 - No IP instance named axi_iic_0 present in hardware design

17:20:09 ERROR : (XSDB Server)ERROR: [Hsi 55-1403] C:/MyFiles/ARM_CP/workspace/software/m3_for_arty_a7/sdk_workspace/standalone_bsp_0/system.mss line 53 - No IP instance named axi_uartlite_0 present in hardware design

17:20:09 ERROR : (XSDB Server)ERROR: [Hsi 55-1452] Error: running open_sw_design.

17:20:09 ERROR : (XSDB Server)ERROR: [Hsi 55-1594] Core cpu_cortexm3 of version 1.0 not found in repositories

17:20:09 ERROR : (XSDB Server)ERROR: [Hsi 55-1403] C:/MyFiles/ARM_CP/workspace/software/m3_for_arty_a7/sdk_workspace/standalone_bsp_0/system.mss line 35 - No IP instance named axi_gpio_1 present in hardware design
ERROR: [Hsi 55-1403] C:/MyFiles/ARM_CP/workspace/software/m3_for_arty_a7/sdk_workspace/standalone_bsp_0/system.mss line 41 - No IP instance named axi_iic_0 present in hardware design

17:20:09 ERROR : (XSDB Server)ERROR: [Hsi 55-1403] C:/MyFiles/ARM_CP/workspace/software/m3_for_arty_a7/sdk_workspace/standalone_bsp_0/system.mss line 53 - No IP instance named axi_uartlite_0 present in hardware design

17:20:09 ERROR : (XSDB Server)ERROR: [Hsi 55-1452] Error: running open_sw_design.

17:20:09 ERROR : (XSDB Server)ERROR: [Hsi 55-1594] Core cpu_cortexm3 of version 1.0 not found in repositories

17:20:09 ERROR : (XSDB Server)ERROR: [Hsi 55-1403] C:/MyFiles/ARM_CP/workspace/software/m3_for_arty_a7/sdk_workspace/standalone_bsp_0/system.mss line 35 - No IP instance named axi_gpio_1 present in hardware design
ERROR: [Hsi 55-1403] C:/MyFiles/ARM_CP/workspace/software/m3_for_arty_a7/sdk_workspace/standalone_bsp_0/system.mss line 41 - No IP instance named axi_iic_0 present in hardware design

17:20:09 ERROR : (XSDB Server)ERROR: [Hsi 55-1403] C:/MyFiles/ARM_CP/workspace/software/m3_for_arty_a7/sdk_workspace/standalone_bsp_0/system.mss line 53 - No IP instance named axi_uartlite_0 present in hardware design

17:20:09 ERROR : (XSDB Server)ERROR: [Hsi 55-1452] Error: running open_sw_design.

17:20:09 ERROR :  [Common 17-39] 'hsi::open_sw_design' failed due to earlier errors.
17:20:09 ERROR : (XSDB Server)ERROR: [Hsi 55-1594] Core cpu_cortexm3 of version 1.0 not found in repositories

17:20:09 ERROR : (XSDB Server)ERROR: [Hsi 55-1403] C:/MyFiles/ARM_CP/workspace/software/m3_for_arty_a7/sdk_workspace/standalone_bsp_0/system.mss line 35 - No IP instance named axi_gpio_1 present in hardware design

17:20:09 ERROR : (XSDB Server)ERROR: [Hsi 55-1403] C:/MyFiles/ARM_CP/workspace/software/m3_for_arty_a7/sdk_workspace/standalone_bsp_0/system.mss line 41 - No IP instance named axi_iic_0 present in hardware design

17:20:09 ERROR : (XSDB Server)ERROR: [Hsi 55-1403] C:/MyFiles/ARM_CP/workspace/software/m3_for_arty_a7/sdk_workspace/standalone_bsp_0/system.mss line 53 - No IP instance named axi_uartlite_0 present in hardware design

17:20:09 ERROR : (XSDB Server)ERROR: [Hsi 55-1452] Error: running open_sw_design.

17:20:09 INFO  : Unable to read in MSS file C:\MyFiles\ARM_CP\workspace\software\m3_for_arty_a7\sdk_workspace\standalone_bsp_0\system.mss : null
17:20:09 ERROR : (XSDB Server)ERROR: [Hsi 55-1594] Core cpu_cortexm3 of version 1.0 not found in repositories

17:20:09 ERROR : (XSDB Server)ERROR: [Hsi 55-1403] C:/MyFiles/ARM_CP/workspace/software/m3_for_arty_a7/sdk_workspace/standalone_bsp_0/system.mss line 35 - No IP instance named axi_gpio_1 present in hardware design

17:20:09 ERROR : (XSDB Server)ERROR: [Hsi 55-1403] C:/MyFiles/ARM_CP/workspace/software/m3_for_arty_a7/sdk_workspace/standalone_bsp_0/system.mss line 41 - No IP instance named axi_iic_0 present in hardware design

17:20:09 ERROR : (XSDB Server)ERROR: [Hsi 55-1403] C:/MyFiles/ARM_CP/workspace/software/m3_for_arty_a7/sdk_workspace/standalone_bsp_0/system.mss line 53 - No IP instance named axi_uartlite_0 present in hardware design

17:20:09 ERROR : (XSDB Server)ERROR: [Hsi 55-1452] Error: running open_sw_design.

17:20:09 ERROR : Failed to closesw "C:/MyFiles/ARM_CP/workspace/software/m3_for_arty_a7/sdk_workspace/standalone_bsp_0/system.mss"
Reason: Cannot close sw design 'C:/MyFiles/ARM_CP/workspace/software/m3_for_arty_a7/sdk_workspace/standalone_bsp_0/system.mss'.
Design is not opened in the current session.


17:20:23 INFO  : Launching XSCT server: xsct.bat -interactive C:\MyFiles\ARM_CP\workspace\software\m3_for_arty_a7\sdk_workspace\temp_xsdb_launch_script.tcl
17:20:26 INFO  : XSCT server has started successfully.
17:20:26 INFO  : Successfully done setting XSCT server connection channel  
17:20:26 INFO  : Successfully done setting SDK workspace  
17:20:26 INFO  : Restoring global repository preferences: 
		 C:\MyFiles\ARM_CP\AT426-BU-98000-r0p0-00rel0\vivado\Arm_sw_repository
17:20:26 WARN  : Invalid repository path C:\MyFiles\ARM_CP\AT426-BU-98000-r0p0-00rel0\vivado\Arm_sw_repository.
17:20:29 ERROR : (XSDB Server)ERROR: [Hsi 55-1594] Core cpu_cortexm3 of version 1.0 not found in repositories
ERROR: [Hsi 55-1403] C:/MyFiles/ARM_CP/workspace/software/m3_for_arty_a7/sdk_workspace/standalone_bsp_0/system.mss line 35 - No IP instance named axi_gpio_1 present in hardware design
ERROR: [Hsi 55-1403] C:/MyFiles/ARM_CP/workspace/software/m3_for_arty_a7/sdk_workspace/standalone_bsp_0/system.mss line 41 - No IP instance named axi_iic_0 present in hardware design

17:20:29 ERROR : (XSDB Server)ERROR: [Hsi 55-1403] C:/MyFiles/ARM_CP/workspace/software/m3_for_arty_a7/sdk_workspace/standalone_bsp_0/system.mss line 53 - No IP instance named axi_uartlite_0 present in hardware design

17:20:29 ERROR : (XSDB Server)ERROR: [Hsi 55-1452] Error: running open_sw_design.

17:20:29 ERROR :  [Common 17-39] 'hsi::open_sw_design' failed due to earlier errors.
17:20:29 ERROR : (XSDB Server)ERROR: [Hsi 55-1594] Core cpu_cortexm3 of version 1.0 not found in repositories

17:20:29 ERROR : (XSDB Server)ERROR: [Hsi 55-1403] C:/MyFiles/ARM_CP/workspace/software/m3_for_arty_a7/sdk_workspace/standalone_bsp_0/system.mss line 35 - No IP instance named axi_gpio_1 present in hardware design
ERROR: [Hsi 55-1403] C:/MyFiles/ARM_CP/workspace/software/m3_for_arty_a7/sdk_workspace/standalone_bsp_0/system.mss line 41 - No IP instance named axi_iic_0 present in hardware design

17:20:29 ERROR : (XSDB Server)ERROR: [Hsi 55-1403] C:/MyFiles/ARM_CP/workspace/software/m3_for_arty_a7/sdk_workspace/standalone_bsp_0/system.mss line 53 - No IP instance named axi_uartlite_0 present in hardware design

17:20:29 ERROR : (XSDB Server)ERROR: [Hsi 55-1452] Error: running open_sw_design.

17:20:29 INFO  : Unable to read in MSS file C:\MyFiles\ARM_CP\workspace\software\m3_for_arty_a7\sdk_workspace\standalone_bsp_0\system.mss : null
17:20:29 ERROR : (XSDB Server)ERROR: [Hsi 55-1594] Core cpu_cortexm3 of version 1.0 not found in repositories
ERROR: [Hsi 55-1403] C:/MyFiles/ARM_CP/workspace/software/m3_for_arty_a7/sdk_workspace/standalone_bsp_0/system.mss line 35 - No IP instance named axi_gpio_1 present in hardware design
ERROR: [Hsi 55-1403] C:/MyFiles/ARM_CP/workspace/software/m3_for_arty_a7/sdk_workspace/standalone_bsp_0/system.mss line 41 - No IP instance named axi_iic_0 present in hardware design
ERROR: [Hsi 55-1403] C:/MyFiles/ARM_CP/workspace/software/m3_for_arty_a7/sdk_workspace/standalone_bsp_0/system.mss line 53 - No IP instance named axi_uartlite_0 present in hardware design
ERROR: [Hsi 55-1452] Error: running open_sw_design.

17:20:29 ERROR : (XSDB Server)ERROR: [Hsi 55-1594] Core cpu_cortexm3 of version 1.0 not found in repositories

17:20:29 ERROR : (XSDB Server)ERROR: [Hsi 55-1403] C:/MyFiles/ARM_CP/workspace/software/m3_for_arty_a7/sdk_workspace/standalone_bsp_0/system.mss line 35 - No IP instance named axi_gpio_1 present in hardware design
ERROR: [Hsi 55-1403] C:/MyFiles/ARM_CP/workspace/software/m3_for_arty_a7/sdk_workspace/standalone_bsp_0/system.mss line 41 - No IP instance named axi_iic_0 present in hardware design

17:20:29 ERROR : (XSDB Server)ERROR: [Hsi 55-1403] C:/MyFiles/ARM_CP/workspace/software/m3_for_arty_a7/sdk_workspace/standalone_bsp_0/system.mss line 53 - No IP instance named axi_uartlite_0 present in hardware design

17:20:29 ERROR : (XSDB Server)ERROR: [Hsi 55-1452] Error: running open_sw_design.

17:20:29 ERROR : (XSDB Server)ERROR: [Hsi 55-1594] Core cpu_cortexm3 of version 1.0 not found in repositories

17:20:29 ERROR : (XSDB Server)ERROR: [Hsi 55-1403] C:/MyFiles/ARM_CP/workspace/software/m3_for_arty_a7/sdk_workspace/standalone_bsp_0/system.mss line 35 - No IP instance named axi_gpio_1 present in hardware design
ERROR: [Hsi 55-1403] C:/MyFiles/ARM_CP/workspace/software/m3_for_arty_a7/sdk_workspace/standalone_bsp_0/system.mss line 41 - No IP instance named axi_iic_0 present in hardware design

17:20:29 ERROR : (XSDB Server)ERROR: [Hsi 55-1403] C:/MyFiles/ARM_CP/workspace/software/m3_for_arty_a7/sdk_workspace/standalone_bsp_0/system.mss line 53 - No IP instance named axi_uartlite_0 present in hardware design

17:20:29 ERROR : (XSDB Server)ERROR: [Hsi 55-1452] Error: running open_sw_design.

17:20:29 ERROR :  [Common 17-39] 'hsi::open_sw_design' failed due to earlier errors.
17:20:29 ERROR : (XSDB Server)ERROR: [Hsi 55-1594] Core cpu_cortexm3 of version 1.0 not found in repositories

17:20:29 ERROR : (XSDB Server)ERROR: [Hsi 55-1403] C:/MyFiles/ARM_CP/workspace/software/m3_for_arty_a7/sdk_workspace/standalone_bsp_0/system.mss line 35 - No IP instance named axi_gpio_1 present in hardware design
ERROR: [Hsi 55-1403] C:/MyFiles/ARM_CP/workspace/software/m3_for_arty_a7/sdk_workspace/standalone_bsp_0/system.mss line 41 - No IP instance named axi_iic_0 present in hardware design

17:20:29 ERROR : (XSDB Server)ERROR: [Hsi 55-1403] C:/MyFiles/ARM_CP/workspace/software/m3_for_arty_a7/sdk_workspace/standalone_bsp_0/system.mss line 53 - No IP instance named axi_uartlite_0 present in hardware design

17:20:29 ERROR : (XSDB Server)ERROR: [Hsi 55-1452] Error: running open_sw_design.

17:20:29 INFO  : Unable to read in MSS file C:\MyFiles\ARM_CP\workspace\software\m3_for_arty_a7\sdk_workspace\standalone_bsp_0\system.mss : null
17:20:29 ERROR : (XSDB Server)ERROR: [Hsi 55-1594] Core cpu_cortexm3 of version 1.0 not found in repositories

17:20:29 ERROR : (XSDB Server)ERROR: [Hsi 55-1403] C:/MyFiles/ARM_CP/workspace/software/m3_for_arty_a7/sdk_workspace/standalone_bsp_0/system.mss line 35 - No IP instance named axi_gpio_1 present in hardware design
ERROR: [Hsi 55-1403] C:/MyFiles/ARM_CP/workspace/software/m3_for_arty_a7/sdk_workspace/standalone_bsp_0/system.mss line 41 - No IP instance named axi_iic_0 present in hardware design

17:20:29 ERROR : (XSDB Server)ERROR: [Hsi 55-1403] C:/MyFiles/ARM_CP/workspace/software/m3_for_arty_a7/sdk_workspace/standalone_bsp_0/system.mss line 53 - No IP instance named axi_uartlite_0 present in hardware design

17:20:29 ERROR : (XSDB Server)ERROR: [Hsi 55-1452] Error: running open_sw_design.

17:20:29 ERROR : Failed to closesw "C:/MyFiles/ARM_CP/workspace/software/m3_for_arty_a7/sdk_workspace/standalone_bsp_0/system.mss"
Reason: Cannot close sw design 'C:/MyFiles/ARM_CP/workspace/software/m3_for_arty_a7/sdk_workspace/standalone_bsp_0/system.mss'.
Design is not opened in the current session.


17:20:30 INFO  : Registering command handlers for SDK TCF services
17:20:30 INFO  : Processing command line option -hwspec C:/MyFiles/ARM_CP/workspace/software/m3_for_arty_a7_wrapper.hdf.
17:20:31 INFO  : Checking for hwspec changes in the project m3_for_arty_a7_wrapper_hw_platform_0.
17:20:46 ERROR : (XSDB Server)ERROR: [Hsi 55-1594] Core cpu_cortexm3 of version 1.0 not found in repositories

17:20:46 ERROR :  [Common 17-39] 'hsi::open_sw_design' failed due to earlier errors.
17:20:46 ERROR : (XSDB Server)ERROR: [Hsi 55-1403] C:/MyFiles/ARM_CP/workspace/software/m3_for_arty_a7/sdk_workspace/standalone_bsp_0/system.mss line 35 - No IP instance named axi_gpio_1 present in hardware design
ERROR: [Hsi 55-1403] C:/MyFiles/ARM_CP/workspace/software/m3_for_arty_a7/sdk_workspace/standalone_bsp_0/system.mss line 41 - No IP instance named axi_iic_0 present in hardware design
ERROR: [Hsi 55-1403] C:/MyFiles/ARM_CP/workspace/software/m3_for_arty_a7/sdk_workspace/standalone_bsp_0/system.mss line 53 - No IP instance named axi_uartlite_0 present in hardware design
ERROR: [Hsi 55-1452] Error: running open_sw_design.

17:20:46 ERROR : (XSDB Server)ERROR: [Hsi 55-1594] Core cpu_cortexm3 of version 1.0 not found in repositories

17:20:46 ERROR : (XSDB Server)ERROR: [Hsi 55-1403] C:/MyFiles/ARM_CP/workspace/software/m3_for_arty_a7/sdk_workspace/standalone_bsp_0/system.mss line 35 - No IP instance named axi_gpio_1 present in hardware design
ERROR: [Hsi 55-1403] C:/MyFiles/ARM_CP/workspace/software/m3_for_arty_a7/sdk_workspace/standalone_bsp_0/system.mss line 41 - No IP instance named axi_iic_0 present in hardware design
ERROR: [Hsi 55-1403] C:/MyFiles/ARM_CP/workspace/software/m3_for_arty_a7/sdk_workspace/standalone_bsp_0/system.mss line 53 - No IP instance named axi_uartlite_0 present in hardware design

17:20:46 ERROR : (XSDB Server)ERROR: [Hsi 55-1452] Error: running open_sw_design.

17:20:46 INFO  : Unable to read in MSS file C:\MyFiles\ARM_CP\workspace\software\m3_for_arty_a7\sdk_workspace\standalone_bsp_0\system.mss : null
17:20:46 ERROR : (XSDB Server)ERROR: [Hsi 55-1594] Core cpu_cortexm3 of version 1.0 not found in repositories

17:20:46 ERROR : (XSDB Server)ERROR: [Hsi 55-1403] C:/MyFiles/ARM_CP/workspace/software/m3_for_arty_a7/sdk_workspace/standalone_bsp_0/system.mss line 35 - No IP instance named axi_gpio_1 present in hardware design
ERROR: [Hsi 55-1403] C:/MyFiles/ARM_CP/workspace/software/m3_for_arty_a7/sdk_workspace/standalone_bsp_0/system.mss line 41 - No IP instance named axi_iic_0 present in hardware design

17:20:46 ERROR : (XSDB Server)ERROR: [Hsi 55-1403] C:/MyFiles/ARM_CP/workspace/software/m3_for_arty_a7/sdk_workspace/standalone_bsp_0/system.mss line 53 - No IP instance named axi_uartlite_0 present in hardware design
ERROR: [Hsi 55-1452] Error: running open_sw_design.

17:20:46 ERROR : (XSDB Server)ERROR: [Hsi 55-1594] Core cpu_cortexm3 of version 1.0 not found in repositories

17:20:46 ERROR : (XSDB Server)ERROR: [Hsi 55-1403] C:/MyFiles/ARM_CP/workspace/software/m3_for_arty_a7/sdk_workspace/standalone_bsp_0/system.mss line 35 - No IP instance named axi_gpio_1 present in hardware design
ERROR: [Hsi 55-1403] C:/MyFiles/ARM_CP/workspace/software/m3_for_arty_a7/sdk_workspace/standalone_bsp_0/system.mss line 41 - No IP instance named axi_iic_0 present in hardware design

17:20:46 ERROR : (XSDB Server)ERROR: [Hsi 55-1403] C:/MyFiles/ARM_CP/workspace/software/m3_for_arty_a7/sdk_workspace/standalone_bsp_0/system.mss line 53 - No IP instance named axi_uartlite_0 present in hardware design

17:20:46 ERROR : (XSDB Server)ERROR: [Hsi 55-1452] Error: running open_sw_design.

17:20:46 ERROR : Failed to get_connected_periphs
Reason: ERROR: [Common 17-55] 'get_property' expects at least one object.
Resolution: If [get_<value>] was used to populate the object, check to make sure this command returns at least one valid object.

17:20:47 ERROR : (XSDB Server)ERROR: [Hsi 55-1594] Core cpu_cortexm3 of version 1.0 not found in repositories

17:20:47 ERROR : (XSDB Server)ERROR: [Hsi 55-1403] C:/MyFiles/ARM_CP/workspace/software/m3_for_arty_a7/sdk_workspace/standalone_bsp_0/system.mss line 35 - No IP instance named axi_gpio_1 present in hardware design
ERROR: [Hsi 55-1403] C:/MyFiles/ARM_CP/workspace/software/m3_for_arty_a7/sdk_workspace/standalone_bsp_0/system.mss line 41 - No IP instance named axi_iic_0 present in hardware design
ERROR: [Hsi 55-1403] C:/MyFiles/ARM_CP/workspace/software/m3_for_arty_a7/sdk_workspace/standalone_bsp_0/system.mss line 53 - No IP instance named axi_uartlite_0 present in hardware design
ERROR: [Hsi 55-1452] Error: running open_sw_design.

17:20:47 ERROR :  [Common 17-39] 'hsi::open_sw_design' failed due to earlier errors.
17:20:47 ERROR : (XSDB Server)ERROR: [Hsi 55-1594] Core cpu_cortexm3 of version 1.0 not found in repositories

17:20:48 ERROR : (XSDB Server)ERROR: [Hsi 55-1403] C:/MyFiles/ARM_CP/workspace/software/m3_for_arty_a7/sdk_workspace/standalone_bsp_0/system.mss line 35 - No IP instance named axi_gpio_1 present in hardware design
ERROR: [Hsi 55-1403] C:/MyFiles/ARM_CP/workspace/software/m3_for_arty_a7/sdk_workspace/standalone_bsp_0/system.mss line 41 - No IP instance named axi_iic_0 present in hardware design
ERROR: [Hsi 55-1403] C:/MyFiles/ARM_CP/workspace/software/m3_for_arty_a7/sdk_workspace/standalone_bsp_0/system.mss line 53 - No IP instance named axi_uartlite_0 present in hardware design
ERROR: [Hsi 55-1452] Error: running open_sw_design.

17:20:48 INFO  : Unable to read in MSS file C:\MyFiles\ARM_CP\workspace\software\m3_for_arty_a7\sdk_workspace\standalone_bsp_0\system.mss : null
17:20:48 ERROR : (XSDB Server)ERROR: [Hsi 55-1594] Core cpu_cortexm3 of version 1.0 not found in repositories

17:20:48 ERROR : (XSDB Server)ERROR: [Hsi 55-1403] C:/MyFiles/ARM_CP/workspace/software/m3_for_arty_a7/sdk_workspace/standalone_bsp_0/system.mss line 35 - No IP instance named axi_gpio_1 present in hardware design
ERROR: [Hsi 55-1403] C:/MyFiles/ARM_CP/workspace/software/m3_for_arty_a7/sdk_workspace/standalone_bsp_0/system.mss line 41 - No IP instance named axi_iic_0 present in hardware design
ERROR: [Hsi 55-1403] C:/MyFiles/ARM_CP/workspace/software/m3_for_arty_a7/sdk_workspace/standalone_bsp_0/system.mss line 53 - No IP instance named axi_uartlite_0 present in hardware design
ERROR: [Hsi 55-1452] Error: running open_sw_design.

17:20:48 ERROR : (XSDB Server)ERROR: [Hsi 55-1594] Core cpu_cortexm3 of version 1.0 not found in repositories

17:20:48 ERROR : (XSDB Server)ERROR: [Hsi 55-1403] C:/MyFiles/ARM_CP/workspace/software/m3_for_arty_a7/sdk_workspace/standalone_bsp_0/system.mss line 35 - No IP instance named axi_gpio_1 present in hardware design

17:20:48 ERROR : (XSDB Server)ERROR: [Hsi 55-1403] C:/MyFiles/ARM_CP/workspace/software/m3_for_arty_a7/sdk_workspace/standalone_bsp_0/system.mss line 41 - No IP instance named axi_iic_0 present in hardware design

17:20:48 ERROR : (XSDB Server)ERROR: [Hsi 55-1403] C:/MyFiles/ARM_CP/workspace/software/m3_for_arty_a7/sdk_workspace/standalone_bsp_0/system.mss line 53 - No IP instance named axi_uartlite_0 present in hardware design

17:20:48 ERROR : (XSDB Server)ERROR: [Hsi 55-1452] Error: running open_sw_design.

17:20:48 ERROR : (XSDB Server)ERROR: [Hsi 55-1594] Core cpu_cortexm3 of version 1.0 not found in repositories

17:20:48 ERROR : (XSDB Server)ERROR: [Hsi 55-1403] C:/MyFiles/ARM_CP/workspace/software/m3_for_arty_a7/sdk_workspace/standalone_bsp_0/system.mss line 35 - No IP instance named axi_gpio_1 present in hardware design
ERROR: [Hsi 55-1403] C:/MyFiles/ARM_CP/workspace/software/m3_for_arty_a7/sdk_workspace/standalone_bsp_0/system.mss line 41 - No IP instance named axi_iic_0 present in hardware design

17:20:48 ERROR : (XSDB Server)ERROR: [Hsi 55-1403] C:/MyFiles/ARM_CP/workspace/software/m3_for_arty_a7/sdk_workspace/standalone_bsp_0/system.mss line 53 - No IP instance named axi_uartlite_0 present in hardware design

17:20:48 ERROR : (XSDB Server)ERROR: [Hsi 55-1452] Error: running open_sw_design.

17:20:48 ERROR :  [Common 17-39] 'hsi::open_sw_design' failed due to earlier errors.
17:20:48 ERROR : (XSDB Server)ERROR: [Hsi 55-1594] Core cpu_cortexm3 of version 1.0 not found in repositories

17:20:48 ERROR : (XSDB Server)ERROR: [Hsi 55-1403] C:/MyFiles/ARM_CP/workspace/software/m3_for_arty_a7/sdk_workspace/standalone_bsp_0/system.mss line 35 - No IP instance named axi_gpio_1 present in hardware design
ERROR: [Hsi 55-1403] C:/MyFiles/ARM_CP/workspace/software/m3_for_arty_a7/sdk_workspace/standalone_bsp_0/system.mss line 41 - No IP instance named axi_iic_0 present in hardware design
ERROR: [Hsi 55-1403] C:/MyFiles/ARM_CP/workspace/software/m3_for_arty_a7/sdk_workspace/standalone_bsp_0/system.mss line 53 - No IP instance named axi_uartlite_0 present in hardware design

17:20:48 ERROR : (XSDB Server)ERROR: [Hsi 55-1452] Error: running open_sw_design.

17:20:48 INFO  : Unable to read in MSS file C:\MyFiles\ARM_CP\workspace\software\m3_for_arty_a7\sdk_workspace\standalone_bsp_0\system.mss : null
17:20:48 ERROR : (XSDB Server)ERROR: [Hsi 55-1594] Core cpu_cortexm3 of version 1.0 not found in repositories

17:20:48 ERROR : (XSDB Server)ERROR: [Hsi 55-1403] C:/MyFiles/ARM_CP/workspace/software/m3_for_arty_a7/sdk_workspace/standalone_bsp_0/system.mss line 35 - No IP instance named axi_gpio_1 present in hardware design
ERROR: [Hsi 55-1403] C:/MyFiles/ARM_CP/workspace/software/m3_for_arty_a7/sdk_workspace/standalone_bsp_0/system.mss line 41 - No IP instance named axi_iic_0 present in hardware design
ERROR: [Hsi 55-1403] C:/MyFiles/ARM_CP/workspace/software/m3_for_arty_a7/sdk_workspace/standalone_bsp_0/system.mss line 53 - No IP instance named axi_uartlite_0 present in hardware design
ERROR: [Hsi 55-1452] Error: running open_sw_design.

17:20:48 ERROR : Failed to closesw "C:/MyFiles/ARM_CP/workspace/software/m3_for_arty_a7/sdk_workspace/standalone_bsp_0/system.mss"
Reason: Cannot close sw design 'C:/MyFiles/ARM_CP/workspace/software/m3_for_arty_a7/sdk_workspace/standalone_bsp_0/system.mss'.
Design is not opened in the current session.


17:21:07 INFO  : Registering command handlers for SDK TCF services
17:21:08 INFO  : Launching XSCT server: xsct.bat -interactive C:\MyFiles\ARM_CP\workspace\software\m3_for_arty_a7\sdk_workspace\temp_xsdb_launch_script.tcl
17:21:11 INFO  : XSCT server has started successfully.
17:21:11 INFO  : Successfully done setting XSCT server connection channel  
17:21:11 INFO  : Successfully done setting SDK workspace  
17:21:11 INFO  : Restoring global repository preferences: 
		 C:\MyFiles\ARM_CP\AT426-BU-98000-r0p0-00rel0\vivado\Arm_sw_repository
17:21:11 WARN  : Invalid repository path C:\MyFiles\ARM_CP\AT426-BU-98000-r0p0-00rel0\vivado\Arm_sw_repository.
17:21:11 INFO  : Processing command line option -hwspec C:/MyFiles/ARM_CP/workspace/software/m3_for_arty_a7_wrapper.hdf.
17:21:11 INFO  : Checking for hwspec changes in the project m3_for_arty_a7_wrapper_hw_platform_0.
17:21:39 ERROR : (XSDB Server)ERROR: [Hsi 55-1594] Core cpu_cortexm3 of version 1.0 not found in repositories
ERROR: [Hsi 55-1403] C:/MyFiles/ARM_CP/workspace/software/m3_for_arty_a7/sdk_workspace/standalone_bsp_0/system.mss line 35 - No IP instance named axi_gpio_1 present in hardware design

17:21:39 ERROR : (XSDB Server)ERROR: [Hsi 55-1403] C:/MyFiles/ARM_CP/workspace/software/m3_for_arty_a7/sdk_workspace/standalone_bsp_0/system.mss line 41 - No IP instance named axi_iic_0 present in hardware design
ERROR: [Hsi 55-1403] C:/MyFiles/ARM_CP/workspace/software/m3_for_arty_a7/sdk_workspace/standalone_bsp_0/system.mss line 53 - No IP instance named axi_uartlite_0 present in hardware design

17:21:39 ERROR : (XSDB Server)ERROR: [Hsi 55-1452] Error: running open_sw_design.

17:21:39 ERROR :  [Common 17-39] 'hsi::open_sw_design' failed due to earlier errors.
17:21:39 ERROR : (XSDB Server)ERROR: [Hsi 55-1594] Core cpu_cortexm3 of version 1.0 not found in repositories

17:21:39 ERROR : (XSDB Server)ERROR: [Hsi 55-1403] C:/MyFiles/ARM_CP/workspace/software/m3_for_arty_a7/sdk_workspace/standalone_bsp_0/system.mss line 35 - No IP instance named axi_gpio_1 present in hardware design
ERROR: [Hsi 55-1403] C:/MyFiles/ARM_CP/workspace/software/m3_for_arty_a7/sdk_workspace/standalone_bsp_0/system.mss line 41 - No IP instance named axi_iic_0 present in hardware design
ERROR: [Hsi 55-1403] C:/MyFiles/ARM_CP/workspace/software/m3_for_arty_a7/sdk_workspace/standalone_bsp_0/system.mss line 53 - No IP instance named axi_uartlite_0 present in hardware design

17:21:39 ERROR : (XSDB Server)ERROR: [Hsi 55-1452] Error: running open_sw_design.

17:21:39 INFO  : Unable to read in MSS file C:\MyFiles\ARM_CP\workspace\software\m3_for_arty_a7\sdk_workspace\standalone_bsp_0\system.mss : null
17:21:39 ERROR : (XSDB Server)ERROR: [Hsi 55-1594] Core cpu_cortexm3 of version 1.0 not found in repositories

17:21:39 ERROR : (XSDB Server)ERROR: [Hsi 55-1403] C:/MyFiles/ARM_CP/workspace/software/m3_for_arty_a7/sdk_workspace/standalone_bsp_0/system.mss line 35 - No IP instance named axi_gpio_1 present in hardware design
ERROR: [Hsi 55-1403] C:/MyFiles/ARM_CP/workspace/software/m3_for_arty_a7/sdk_workspace/standalone_bsp_0/system.mss line 41 - No IP instance named axi_iic_0 present in hardware design

17:21:39 ERROR : (XSDB Server)ERROR: [Hsi 55-1403] C:/MyFiles/ARM_CP/workspace/software/m3_for_arty_a7/sdk_workspace/standalone_bsp_0/system.mss line 53 - No IP instance named axi_uartlite_0 present in hardware design
ERROR: [Hsi 55-1452] Error: running open_sw_design.

17:21:39 ERROR : (XSDB Server)ERROR: [Hsi 55-1594] Core cpu_cortexm3 of version 1.0 not found in repositories

17:21:39 ERROR : (XSDB Server)ERROR: [Hsi 55-1403] C:/MyFiles/ARM_CP/workspace/software/m3_for_arty_a7/sdk_workspace/standalone_bsp_0/system.mss line 35 - No IP instance named axi_gpio_1 present in hardware design
ERROR: [Hsi 55-1403] C:/MyFiles/ARM_CP/workspace/software/m3_for_arty_a7/sdk_workspace/standalone_bsp_0/system.mss line 41 - No IP instance named axi_iic_0 present in hardware design
ERROR: [Hsi 55-1403] C:/MyFiles/ARM_CP/workspace/software/m3_for_arty_a7/sdk_workspace/standalone_bsp_0/system.mss line 53 - No IP instance named axi_uartlite_0 present in hardware design

17:21:39 ERROR : (XSDB Server)ERROR: [Hsi 55-1452] Error: running open_sw_design.

17:21:39 ERROR : Failed to get_connected_periphs
Reason: ERROR: [Common 17-55] 'get_property' expects at least one object.
Resolution: If [get_<value>] was used to populate the object, check to make sure this command returns at least one valid object.

17:21:40 ERROR : (XSDB Server)ERROR: [Hsi 55-1594] Core cpu_cortexm3 of version 1.0 not found in repositories

17:21:40 ERROR : (XSDB Server)ERROR: [Hsi 55-1403] C:/MyFiles/ARM_CP/workspace/software/m3_for_arty_a7/sdk_workspace/standalone_bsp_0/system.mss line 35 - No IP instance named axi_gpio_1 present in hardware design
ERROR: [Hsi 55-1403] C:/MyFiles/ARM_CP/workspace/software/m3_for_arty_a7/sdk_workspace/standalone_bsp_0/system.mss line 41 - No IP instance named axi_iic_0 present in hardware design
ERROR: [Hsi 55-1403] C:/MyFiles/ARM_CP/workspace/software/m3_for_arty_a7/sdk_workspace/standalone_bsp_0/system.mss line 53 - No IP instance named axi_uartlite_0 present in hardware design
ERROR: [Hsi 55-1452] Error: running open_sw_design.

17:21:40 ERROR :  [Common 17-39] 'hsi::open_sw_design' failed due to earlier errors.
17:21:40 ERROR : (XSDB Server)ERROR: [Hsi 55-1594] Core cpu_cortexm3 of version 1.0 not found in repositories

17:21:40 ERROR : (XSDB Server)ERROR: [Hsi 55-1403] C:/MyFiles/ARM_CP/workspace/software/m3_for_arty_a7/sdk_workspace/standalone_bsp_0/system.mss line 35 - No IP instance named axi_gpio_1 present in hardware design
ERROR: [Hsi 55-1403] C:/MyFiles/ARM_CP/workspace/software/m3_for_arty_a7/sdk_workspace/standalone_bsp_0/system.mss line 41 - No IP instance named axi_iic_0 present in hardware design
ERROR: [Hsi 55-1403] C:/MyFiles/ARM_CP/workspace/software/m3_for_arty_a7/sdk_workspace/standalone_bsp_0/system.mss line 53 - No IP instance named axi_uartlite_0 present in hardware design

17:21:40 ERROR : (XSDB Server)ERROR: [Hsi 55-1452] Error: running open_sw_design.

17:21:40 INFO  : Unable to read in MSS file C:\MyFiles\ARM_CP\workspace\software\m3_for_arty_a7\sdk_workspace\standalone_bsp_0\system.mss : null
17:21:40 ERROR : (XSDB Server)ERROR: [Hsi 55-1594] Core cpu_cortexm3 of version 1.0 not found in repositories

17:21:40 ERROR : (XSDB Server)ERROR: [Hsi 55-1403] C:/MyFiles/ARM_CP/workspace/software/m3_for_arty_a7/sdk_workspace/standalone_bsp_0/system.mss line 35 - No IP instance named axi_gpio_1 present in hardware design

17:21:40 ERROR : (XSDB Server)ERROR: [Hsi 55-1403] C:/MyFiles/ARM_CP/workspace/software/m3_for_arty_a7/sdk_workspace/standalone_bsp_0/system.mss line 41 - No IP instance named axi_iic_0 present in hardware design

17:21:40 ERROR : (XSDB Server)ERROR: [Hsi 55-1403] C:/MyFiles/ARM_CP/workspace/software/m3_for_arty_a7/sdk_workspace/standalone_bsp_0/system.mss line 53 - No IP instance named axi_uartlite_0 present in hardware design

17:21:40 ERROR : (XSDB Server)ERROR: [Hsi 55-1452] Error: running open_sw_design.

17:21:40 ERROR : (XSDB Server)ERROR: [Hsi 55-1594] Core cpu_cortexm3 of version 1.0 not found in repositories

17:21:40 ERROR : (XSDB Server)ERROR: [Hsi 55-1403] C:/MyFiles/ARM_CP/workspace/software/m3_for_arty_a7/sdk_workspace/standalone_bsp_0/system.mss line 35 - No IP instance named axi_gpio_1 present in hardware design

17:21:40 ERROR : (XSDB Server)ERROR: [Hsi 55-1403] C:/MyFiles/ARM_CP/workspace/software/m3_for_arty_a7/sdk_workspace/standalone_bsp_0/system.mss line 41 - No IP instance named axi_iic_0 present in hardware design

17:21:40 ERROR : (XSDB Server)ERROR: [Hsi 55-1403] C:/MyFiles/ARM_CP/workspace/software/m3_for_arty_a7/sdk_workspace/standalone_bsp_0/system.mss line 53 - No IP instance named axi_uartlite_0 present in hardware design

17:21:40 ERROR : (XSDB Server)ERROR: [Hsi 55-1452] Error: running open_sw_design.

17:21:41 ERROR : (XSDB Server)ERROR: [Hsi 55-1594] Core cpu_cortexm3 of version 1.0 not found in repositories

17:21:41 ERROR : (XSDB Server)ERROR: [Hsi 55-1403] C:/MyFiles/ARM_CP/workspace/software/m3_for_arty_a7/sdk_workspace/standalone_bsp_0/system.mss line 35 - No IP instance named axi_gpio_1 present in hardware design

17:21:41 ERROR : (XSDB Server)ERROR: [Hsi 55-1403] C:/MyFiles/ARM_CP/workspace/software/m3_for_arty_a7/sdk_workspace/standalone_bsp_0/system.mss line 41 - No IP instance named axi_iic_0 present in hardware design

17:21:41 ERROR : (XSDB Server)ERROR: [Hsi 55-1403] C:/MyFiles/ARM_CP/workspace/software/m3_for_arty_a7/sdk_workspace/standalone_bsp_0/system.mss line 53 - No IP instance named axi_uartlite_0 present in hardware design

17:21:41 ERROR : (XSDB Server)ERROR: [Hsi 55-1452] Error: running open_sw_design.

17:21:41 ERROR :  [Common 17-39] 'hsi::open_sw_design' failed due to earlier errors.
17:21:41 ERROR : (XSDB Server)ERROR: [Hsi 55-1594] Core cpu_cortexm3 of version 1.0 not found in repositories

17:21:41 ERROR : (XSDB Server)ERROR: [Hsi 55-1403] C:/MyFiles/ARM_CP/workspace/software/m3_for_arty_a7/sdk_workspace/standalone_bsp_0/system.mss line 35 - No IP instance named axi_gpio_1 present in hardware design
ERROR: [Hsi 55-1403] C:/MyFiles/ARM_CP/workspace/software/m3_for_arty_a7/sdk_workspace/standalone_bsp_0/system.mss line 41 - No IP instance named axi_iic_0 present in hardware design

17:21:41 ERROR : (XSDB Server)ERROR: [Hsi 55-1403] C:/MyFiles/ARM_CP/workspace/software/m3_for_arty_a7/sdk_workspace/standalone_bsp_0/system.mss line 53 - No IP instance named axi_uartlite_0 present in hardware design

17:21:41 ERROR : (XSDB Server)ERROR: [Hsi 55-1452] Error: running open_sw_design.

17:21:41 INFO  : Unable to read in MSS file C:\MyFiles\ARM_CP\workspace\software\m3_for_arty_a7\sdk_workspace\standalone_bsp_0\system.mss : null
17:21:41 ERROR : (XSDB Server)ERROR: [Hsi 55-1594] Core cpu_cortexm3 of version 1.0 not found in repositories

17:21:41 ERROR : (XSDB Server)ERROR: [Hsi 55-1403] C:/MyFiles/ARM_CP/workspace/software/m3_for_arty_a7/sdk_workspace/standalone_bsp_0/system.mss line 35 - No IP instance named axi_gpio_1 present in hardware design

17:21:41 ERROR : (XSDB Server)ERROR: [Hsi 55-1403] C:/MyFiles/ARM_CP/workspace/software/m3_for_arty_a7/sdk_workspace/standalone_bsp_0/system.mss line 41 - No IP instance named axi_iic_0 present in hardware design
ERROR: [Hsi 55-1403] C:/MyFiles/ARM_CP/workspace/software/m3_for_arty_a7/sdk_workspace/standalone_bsp_0/system.mss line 53 - No IP instance named axi_uartlite_0 present in hardware design
ERROR: [Hsi 55-1452] Error: running open_sw_design.

17:21:41 ERROR : Failed to closesw "C:/MyFiles/ARM_CP/workspace/software/m3_for_arty_a7/sdk_workspace/standalone_bsp_0/system.mss"
Reason: Cannot close sw design 'C:/MyFiles/ARM_CP/workspace/software/m3_for_arty_a7/sdk_workspace/standalone_bsp_0/system.mss'.
Design is not opened in the current session.


17:22:16 INFO  : Registering command handlers for SDK TCF services
17:22:17 INFO  : Launching XSCT server: xsct.bat -interactive C:\MyFiles\ARM_CP\workspace\software\m3_for_arty_a7\sdk_workspace\temp_xsdb_launch_script.tcl
17:22:21 INFO  : XSCT server has started successfully.
17:22:21 INFO  : Successfully done setting XSCT server connection channel  
17:22:21 INFO  : Restoring global repository preferences: 
		 C:\MyFiles\ARM_CP\AT426-BU-98000-r0p0-00rel0\vivado\Arm_sw_repository
17:22:21 INFO  : Successfully done setting SDK workspace  
17:22:21 WARN  : Invalid repository path C:\MyFiles\ARM_CP\AT426-BU-98000-r0p0-00rel0\vivado\Arm_sw_repository.
17:22:21 INFO  : Processing command line option -hwspec C:/MyFiles/ARM_CP/workspace/software/m3_for_arty_a7_wrapper.hdf.
17:23:29 ERROR : (XSDB Server)ERROR: [Hsi 55-1594] Core cpu_cortexm3 of version 1.0 not found in repositories
ERROR: [Hsi 55-1403] C:/MyFiles/ARM_CP/workspace/software/m3_for_arty_a7/sdk_workspace/standalone_bsp_0/system.mss line 35 - No IP instance named axi_gpio_1 present in hardware design

17:23:29 ERROR : (XSDB Server)ERROR: [Hsi 55-1403] C:/MyFiles/ARM_CP/workspace/software/m3_for_arty_a7/sdk_workspace/standalone_bsp_0/system.mss line 41 - No IP instance named axi_iic_0 present in hardware design
ERROR: [Hsi 55-1403] C:/MyFiles/ARM_CP/workspace/software/m3_for_arty_a7/sdk_workspace/standalone_bsp_0/system.mss line 53 - No IP instance named axi_uartlite_0 present in hardware design

17:23:29 ERROR : (XSDB Server)ERROR: [Hsi 55-1452] Error: running open_sw_design.

17:23:29 ERROR :  [Common 17-39] 'hsi::open_sw_design' failed due to earlier errors.
17:23:29 ERROR : (XSDB Server)ERROR: [Hsi 55-1594] Core cpu_cortexm3 of version 1.0 not found in repositories

17:23:29 ERROR : (XSDB Server)ERROR: [Hsi 55-1403] C:/MyFiles/ARM_CP/workspace/software/m3_for_arty_a7/sdk_workspace/standalone_bsp_0/system.mss line 35 - No IP instance named axi_gpio_1 present in hardware design
ERROR: [Hsi 55-1403] C:/MyFiles/ARM_CP/workspace/software/m3_for_arty_a7/sdk_workspace/standalone_bsp_0/system.mss line 41 - No IP instance named axi_iic_0 present in hardware design
ERROR: [Hsi 55-1403] C:/MyFiles/ARM_CP/workspace/software/m3_for_arty_a7/sdk_workspace/standalone_bsp_0/system.mss line 53 - No IP instance named axi_uartlite_0 present in hardware design

17:23:29 ERROR : (XSDB Server)ERROR: [Hsi 55-1452] Error: running open_sw_design.

17:23:29 INFO  : Unable to read in MSS file C:\MyFiles\ARM_CP\workspace\software\m3_for_arty_a7\sdk_workspace\standalone_bsp_0\system.mss : null
17:23:29 ERROR : (XSDB Server)ERROR: [Hsi 55-1594] Core cpu_cortexm3 of version 1.0 not found in repositories

17:23:29 ERROR : (XSDB Server)ERROR: [Hsi 55-1403] C:/MyFiles/ARM_CP/workspace/software/m3_for_arty_a7/sdk_workspace/standalone_bsp_0/system.mss line 35 - No IP instance named axi_gpio_1 present in hardware design
ERROR: [Hsi 55-1403] C:/MyFiles/ARM_CP/workspace/software/m3_for_arty_a7/sdk_workspace/standalone_bsp_0/system.mss line 41 - No IP instance named axi_iic_0 present in hardware design

17:23:29 ERROR : (XSDB Server)ERROR: [Hsi 55-1403] C:/MyFiles/ARM_CP/workspace/software/m3_for_arty_a7/sdk_workspace/standalone_bsp_0/system.mss line 53 - No IP instance named axi_uartlite_0 present in hardware design

17:23:29 ERROR : (XSDB Server)ERROR: [Hsi 55-1452] Error: running open_sw_design.

17:23:29 ERROR : (XSDB Server)ERROR: [Hsi 55-1594] Core cpu_cortexm3 of version 1.0 not found in repositories

17:23:29 ERROR : (XSDB Server)ERROR: [Hsi 55-1403] C:/MyFiles/ARM_CP/workspace/software/m3_for_arty_a7/sdk_workspace/standalone_bsp_0/system.mss line 35 - No IP instance named axi_gpio_1 present in hardware design

17:23:29 ERROR : (XSDB Server)ERROR: [Hsi 55-1403] C:/MyFiles/ARM_CP/workspace/software/m3_for_arty_a7/sdk_workspace/standalone_bsp_0/system.mss line 41 - No IP instance named axi_iic_0 present in hardware design

17:23:29 ERROR : (XSDB Server)ERROR: [Hsi 55-1403] C:/MyFiles/ARM_CP/workspace/software/m3_for_arty_a7/sdk_workspace/standalone_bsp_0/system.mss line 53 - No IP instance named axi_uartlite_0 present in hardware design

17:23:29 ERROR : (XSDB Server)ERROR: [Hsi 55-1452] Error: running open_sw_design.

17:23:29 ERROR : Failed to get_connected_periphs
Reason: ERROR: [Common 17-55] 'get_property' expects at least one object.
Resolution: If [get_<value>] was used to populate the object, check to make sure this command returns at least one valid object.

17:23:30 ERROR : (XSDB Server)ERROR: [Hsi 55-1594] Core cpu_cortexm3 of version 1.0 not found in repositories

17:23:30 ERROR : (XSDB Server)ERROR: [Hsi 55-1403] C:/MyFiles/ARM_CP/workspace/software/m3_for_arty_a7/sdk_workspace/standalone_bsp_0/system.mss line 35 - No IP instance named axi_gpio_1 present in hardware design
ERROR: [Hsi 55-1403] C:/MyFiles/ARM_CP/workspace/software/m3_for_arty_a7/sdk_workspace/standalone_bsp_0/system.mss line 41 - No IP instance named axi_iic_0 present in hardware design
ERROR: [Hsi 55-1403] C:/MyFiles/ARM_CP/workspace/software/m3_for_arty_a7/sdk_workspace/standalone_bsp_0/system.mss line 53 - No IP instance named axi_uartlite_0 present in hardware design
ERROR: [Hsi 55-1452] Error: running open_sw_design.

17:23:30 ERROR :  [Common 17-39] 'hsi::open_sw_design' failed due to earlier errors.
17:23:30 ERROR : (XSDB Server)ERROR: [Hsi 55-1594] Core cpu_cortexm3 of version 1.0 not found in repositories

17:23:30 ERROR : (XSDB Server)ERROR: [Hsi 55-1403] C:/MyFiles/ARM_CP/workspace/software/m3_for_arty_a7/sdk_workspace/standalone_bsp_0/system.mss line 35 - No IP instance named axi_gpio_1 present in hardware design

17:23:30 ERROR : (XSDB Server)ERROR: [Hsi 55-1403] C:/MyFiles/ARM_CP/workspace/software/m3_for_arty_a7/sdk_workspace/standalone_bsp_0/system.mss line 41 - No IP instance named axi_iic_0 present in hardware design

17:23:30 ERROR : (XSDB Server)ERROR: [Hsi 55-1403] C:/MyFiles/ARM_CP/workspace/software/m3_for_arty_a7/sdk_workspace/standalone_bsp_0/system.mss line 53 - No IP instance named axi_uartlite_0 present in hardware design

17:23:30 ERROR : (XSDB Server)ERROR: [Hsi 55-1452] Error: running open_sw_design.

17:23:30 INFO  : Unable to read in MSS file C:\MyFiles\ARM_CP\workspace\software\m3_for_arty_a7\sdk_workspace\standalone_bsp_0\system.mss : null
17:23:30 ERROR : (XSDB Server)ERROR: [Hsi 55-1594] Core cpu_cortexm3 of version 1.0 not found in repositories
ERROR: [Hsi 55-1403] C:/MyFiles/ARM_CP/workspace/software/m3_for_arty_a7/sdk_workspace/standalone_bsp_0/system.mss line 35 - No IP instance named axi_gpio_1 present in hardware design
ERROR: [Hsi 55-1403] C:/MyFiles/ARM_CP/workspace/software/m3_for_arty_a7/sdk_workspace/standalone_bsp_0/system.mss line 41 - No IP instance named axi_iic_0 present in hardware design
ERROR: [Hsi 55-1403] C:/MyFiles/ARM_CP/workspace/software/m3_for_arty_a7/sdk_workspace/standalone_bsp_0/system.mss line 53 - No IP instance named axi_uartlite_0 present in hardware design
ERROR: [Hsi 55-1452] Error: running open_sw_design.

17:23:30 ERROR : (XSDB Server)ERROR: [Hsi 55-1594] Core cpu_cortexm3 of version 1.0 not found in repositories

17:23:30 ERROR : (XSDB Server)ERROR: [Hsi 55-1403] C:/MyFiles/ARM_CP/workspace/software/m3_for_arty_a7/sdk_workspace/standalone_bsp_0/system.mss line 35 - No IP instance named axi_gpio_1 present in hardware design

17:23:30 ERROR : (XSDB Server)ERROR: [Hsi 55-1403] C:/MyFiles/ARM_CP/workspace/software/m3_for_arty_a7/sdk_workspace/standalone_bsp_0/system.mss line 41 - No IP instance named axi_iic_0 present in hardware design

17:23:30 ERROR : (XSDB Server)ERROR: [Hsi 55-1403] C:/MyFiles/ARM_CP/workspace/software/m3_for_arty_a7/sdk_workspace/standalone_bsp_0/system.mss line 53 - No IP instance named axi_uartlite_0 present in hardware design

17:23:30 ERROR : (XSDB Server)ERROR: [Hsi 55-1452] Error: running open_sw_design.

17:23:31 ERROR : (XSDB Server)ERROR: [Hsi 55-1594] Core cpu_cortexm3 of version 1.0 not found in repositories
ERROR: [Hsi 55-1403] C:/MyFiles/ARM_CP/workspace/software/m3_for_arty_a7/sdk_workspace/standalone_bsp_0/system.mss line 35 - No IP instance named axi_gpio_1 present in hardware design
ERROR: [Hsi 55-1403] C:/MyFiles/ARM_CP/workspace/software/m3_for_arty_a7/sdk_workspace/standalone_bsp_0/system.mss line 41 - No IP instance named axi_iic_0 present in hardware design
ERROR: [Hsi 55-1403] C:/MyFiles/ARM_CP/workspace/software/m3_for_arty_a7/sdk_workspace/standalone_bsp_0/system.mss line 53 - No IP instance named axi_uartlite_0 present in hardware design
ERROR: [Hsi 55-1452] Error: running open_sw_design.

17:23:31 ERROR :  [Common 17-39] 'hsi::open_sw_design' failed due to earlier errors.
17:23:31 INFO  : Unable to read in MSS file C:\MyFiles\ARM_CP\workspace\software\m3_for_arty_a7\sdk_workspace\standalone_bsp_0\system.mss : null
17:23:31 ERROR : (XSDB Server)ERROR: [Hsi 55-1594] Core cpu_cortexm3 of version 1.0 not found in repositories
ERROR: [Hsi 55-1403] C:/MyFiles/ARM_CP/workspace/software/m3_for_arty_a7/sdk_workspace/standalone_bsp_0/system.mss line 35 - No IP instance named axi_gpio_1 present in hardware design
ERROR: [Hsi 55-1403] C:/MyFiles/ARM_CP/workspace/software/m3_for_arty_a7/sdk_workspace/standalone_bsp_0/system.mss line 41 - No IP instance named axi_iic_0 present in hardware design
ERROR: [Hsi 55-1403] C:/MyFiles/ARM_CP/workspace/software/m3_for_arty_a7/sdk_workspace/standalone_bsp_0/system.mss line 53 - No IP instance named axi_uartlite_0 present in hardware design
ERROR: [Hsi 55-1452] Error: running open_sw_design.

17:23:31 ERROR : (XSDB Server)ERROR: [Hsi 55-1594] Core cpu_cortexm3 of version 1.0 not found in repositories

17:23:31 ERROR : (XSDB Server)ERROR: [Hsi 55-1403] C:/MyFiles/ARM_CP/workspace/software/m3_for_arty_a7/sdk_workspace/standalone_bsp_0/system.mss line 35 - No IP instance named axi_gpio_1 present in hardware design
ERROR: [Hsi 55-1403] C:/MyFiles/ARM_CP/workspace/software/m3_for_arty_a7/sdk_workspace/standalone_bsp_0/system.mss line 41 - No IP instance named axi_iic_0 present in hardware design

17:23:31 ERROR : (XSDB Server)ERROR: [Hsi 55-1403] C:/MyFiles/ARM_CP/workspace/software/m3_for_arty_a7/sdk_workspace/standalone_bsp_0/system.mss line 53 - No IP instance named axi_uartlite_0 present in hardware design

17:23:31 ERROR : (XSDB Server)ERROR: [Hsi 55-1452] Error: running open_sw_design.

17:23:31 ERROR : Failed to closesw "C:/MyFiles/ARM_CP/workspace/software/m3_for_arty_a7/sdk_workspace/standalone_bsp_0/system.mss"
Reason: Cannot close sw design 'C:/MyFiles/ARM_CP/workspace/software/m3_for_arty_a7/sdk_workspace/standalone_bsp_0/system.mss'.
Design is not opened in the current session.


17:23:41 ERROR : (XSDB Server)ERROR: [Hsi 55-1594] Core cpu_cortexm3 of version 1.0 not found in repositories

17:23:41 ERROR :  [Common 17-39] 'hsi::open_sw_design' failed due to earlier errors.
17:23:41 ERROR : (XSDB Server)ERROR: [Hsi 55-1403] C:/MyFiles/ARM_CP/workspace/software/m3_for_arty_a7/sdk_workspace/standalone_bsp_0/system.mss line 35 - No IP instance named axi_gpio_1 present in hardware design
ERROR: [Hsi 55-1403] C:/MyFiles/ARM_CP/workspace/software/m3_for_arty_a7/sdk_workspace/standalone_bsp_0/system.mss line 41 - No IP instance named axi_iic_0 present in hardware design
ERROR: [Hsi 55-1403] C:/MyFiles/ARM_CP/workspace/software/m3_for_arty_a7/sdk_workspace/standalone_bsp_0/system.mss line 53 - No IP instance named axi_uartlite_0 present in hardware design
ERROR: [Hsi 55-1452] Error: running open_sw_design.

17:23:41 ERROR : (XSDB Server)ERROR: [Hsi 55-1594] Core cpu_cortexm3 of version 1.0 not found in repositories

17:23:41 ERROR : (XSDB Server)ERROR: [Hsi 55-1403] C:/MyFiles/ARM_CP/workspace/software/m3_for_arty_a7/sdk_workspace/standalone_bsp_0/system.mss line 35 - No IP instance named axi_gpio_1 present in hardware design
ERROR: [Hsi 55-1403] C:/MyFiles/ARM_CP/workspace/software/m3_for_arty_a7/sdk_workspace/standalone_bsp_0/system.mss line 41 - No IP instance named axi_iic_0 present in hardware design

17:23:41 ERROR : (XSDB Server)ERROR: [Hsi 55-1403] C:/MyFiles/ARM_CP/workspace/software/m3_for_arty_a7/sdk_workspace/standalone_bsp_0/system.mss line 53 - No IP instance named axi_uartlite_0 present in hardware design

17:23:41 ERROR : (XSDB Server)ERROR: [Hsi 55-1452] Error: running open_sw_design.

17:23:41 INFO  : Unable to read in MSS file C:\MyFiles\ARM_CP\workspace\software\m3_for_arty_a7\sdk_workspace\standalone_bsp_0\system.mss : null
17:23:41 ERROR : Failed to closesw "C:/MyFiles/ARM_CP/workspace/software/m3_for_arty_a7/sdk_workspace/standalone_bsp_0/system.mss"
Reason: Cannot close sw design 'C:/MyFiles/ARM_CP/workspace/software/m3_for_arty_a7/sdk_workspace/standalone_bsp_0/system.mss'.
Design is not opened in the current session.


17:24:46 ERROR : (XSDB Server)ERROR: [Hsi 55-1545] Problem running tcl command ::sw_standalone_v6_7::generate : ERROR: processor CORTEXM3_AXI is not supported
    while executing
"error "ERROR: processor $proctype is not supported""
    (procedure "::sw_standalone_v6_7::generate" line 281)
    invoked from within
"::sw_standalone_v6_7::generate standalone"

17:24:46 ERROR : (XSDB Server)ERROR: [Hsi 55-1442] Error(s) while running TCL procedure generate()
ERROR: [Hsi 55-1450] Error: running generate_bsp.

17:24:46 ERROR : Error generating bsp sources: Failed in generating sources
17:24:46 ERROR : Failed to generate sources for BSP project standalone_bsp_0
org.eclipse.core.runtime.CoreException: Internal error occurred while generating bsp sources. Please check the SDK Log view for further details.
	at com.xilinx.sdk.sw.ui.handlers.RegenBspSourcesHandler.internalGenerateBsp(RegenBspSourcesHandler.java:178)
	at com.xilinx.sdk.sw.ui.handlers.RegenBspSourcesHandler.access$2(RegenBspSourcesHandler.java:163)
	at com.xilinx.sdk.sw.ui.handlers.RegenBspSourcesHandler$1$1.run(RegenBspSourcesHandler.java:131)
	at org.eclipse.core.internal.resources.Workspace.run(Workspace.java:2240)
	at org.eclipse.core.internal.resources.Workspace.run(Workspace.java:2267)
	at com.xilinx.sdk.sw.ui.handlers.RegenBspSourcesHandler$1.run(RegenBspSourcesHandler.java:135)
	at org.eclipse.jface.operation.ModalContext$ModalContextThread.run(ModalContext.java:119)
17:25:33 INFO  : Saving repository preferences.
17:25:33 INFO  : Reading in cores from global repositories: 
		 C:\MyFiles\ARM_CP\workspace\vivado\Arm_sw_repository
17:25:33 INFO  : Cleaning BSP projects in the workspace.
21:46:58 INFO  : Launching XSCT server: xsct.bat -interactive C:\MyFiles\ARM_CP\workspace\software\m3_for_arty_a7\sdk_workspace\temp_xsdb_launch_script.tcl
21:47:01 INFO  : XSCT server has started successfully.
21:47:01 INFO  : Successfully done setting XSCT server connection channel  
21:47:01 INFO  : Successfully done setting SDK workspace  
21:47:01 INFO  : Restoring global repository preferences: 
		 C:\MyFiles\ARM_CP\workspace\vivado\Arm_sw_repository
21:47:06 INFO  : Registering command handlers for SDK TCF services
21:47:06 INFO  : Processing command line option -hwspec C:/MyFiles/ARM_CP/workspace/software/m3_for_arty_a7_wrapper.hdf.
21:47:07 INFO  : Checking for hwspec changes in the project m3_for_arty_a7_wrapper_hw_platform_0.
21:47:07 INFO  : SDK has detected change in the last modified timestamps for source hardware specification file Source:1555249587919,  Project:1555233548501
21:47:07 INFO  : The hardware specification for project 'm3_for_arty_a7_wrapper_hw_platform_0' is different from C:/MyFiles/ARM_CP/workspace/software/m3_for_arty_a7_wrapper.hdf.
21:47:07 INFO  : Copied contents of C:/MyFiles/ARM_CP/workspace/software/m3_for_arty_a7_wrapper.hdf into \m3_for_arty_a7_wrapper_hw_platform_0\system.hdf.
21:47:08 INFO  : Synchronizing projects in the workspace with the hardware platform specification changes.
21:47:09 INFO  : 
21:47:10 INFO  : Clearing existing target manager status.
21:47:10 INFO  : Closing and re-opening the MSS file of ther project standalone_bsp_0
21:47:11 INFO  : Workspace synchronized with the new hardware specification file. Cleaning dependent projects...
21:47:13 WARN  : Linker script will not be updated automatically. Users need to update it manually.
08:24:05 INFO  : Launching XSCT server: xsct.bat -interactive C:\MyFiles\ARM_CP\workspace\software\m3_for_arty_a7\sdk_workspace\temp_xsdb_launch_script.tcl
08:24:08 INFO  : XSCT server has started successfully.
08:24:11 INFO  : Successfully done setting XSCT server connection channel  
08:24:11 INFO  : Successfully done setting SDK workspace  
08:24:13 INFO  : Registering command handlers for SDK TCF services
08:24:15 INFO  : Restoring global repository preferences: 
		 C:\MyFiles\ARM_CP\workspace\vivado\Arm_sw_repository
08:24:15 INFO  : Processing command line option -hwspec C:/MyFiles/ARM_CP/workspace/software/m3_for_arty_a7_wrapper.hdf.
08:24:15 INFO  : Checking for hwspec changes in the project m3_for_arty_a7_wrapper_hw_platform_0.
08:24:15 INFO  : SDK has detected change in the last modified timestamps for source hardware specification file Source:1555287818304,  Project:1555249587919
08:24:15 INFO  : The hardware specification for project 'm3_for_arty_a7_wrapper_hw_platform_0' is different from C:/MyFiles/ARM_CP/workspace/software/m3_for_arty_a7_wrapper.hdf.
08:24:15 INFO  : Copied contents of C:/MyFiles/ARM_CP/workspace/software/m3_for_arty_a7_wrapper.hdf into \m3_for_arty_a7_wrapper_hw_platform_0\system.hdf.
08:24:16 INFO  : Synchronizing projects in the workspace with the hardware platform specification changes.
08:24:18 INFO  : 
08:24:18 INFO  : Clearing existing target manager status.
08:24:18 INFO  : Closing and re-opening the MSS file of ther project standalone_bsp_0
08:24:18 INFO  : Workspace synchronized with the new hardware specification file. Cleaning dependent projects...
08:24:20 WARN  : Linker script will not be updated automatically. Users need to update it manually.
15:35:09 INFO  : Launching XSCT server: xsct.bat -interactive C:\MyFiles\ARM_CP\workspace\software\m3_for_arty_a7\sdk_workspace\temp_xsdb_launch_script.tcl
15:35:12 INFO  : XSCT server has started successfully.
15:35:12 INFO  : Successfully done setting XSCT server connection channel  
15:35:13 INFO  : Successfully done setting SDK workspace  
15:35:13 INFO  : Restoring global repository preferences: 
		 C:\MyFiles\ARM_CP\workspace\vivado\Arm_sw_repository
15:35:18 INFO  : Registering command handlers for SDK TCF services
15:35:18 INFO  : Processing command line option -hwspec C:/MyFiles/ARM_CP/workspace/software/m3_for_arty_a7_wrapper.hdf.
15:35:18 INFO  : Checking for hwspec changes in the project m3_for_arty_a7_wrapper_hw_platform_0.
15:35:18 INFO  : SDK has detected change in the last modified timestamps for source hardware specification file Source:1555313678858,  Project:1555287818304
15:35:18 INFO  : The hardware specification for project 'm3_for_arty_a7_wrapper_hw_platform_0' is different from C:/MyFiles/ARM_CP/workspace/software/m3_for_arty_a7_wrapper.hdf.
15:35:19 INFO  : Copied contents of C:/MyFiles/ARM_CP/workspace/software/m3_for_arty_a7_wrapper.hdf into \m3_for_arty_a7_wrapper_hw_platform_0\system.hdf.
15:35:20 INFO  : Synchronizing projects in the workspace with the hardware platform specification changes.
15:35:22 INFO  : 
15:35:22 INFO  : Clearing existing target manager status.
15:35:22 INFO  : Closing and re-opening the MSS file of ther project standalone_bsp_0
15:35:23 INFO  : Workspace synchronized with the new hardware specification file. Cleaning dependent projects...
15:35:23 WARN  : Linker script will not be updated automatically. Users need to update it manually.
16:55:19 INFO  : SDK has detected change in the last modified timestamps for source hardware specification file Source:1555318518659,  Project:1555313678858
16:55:19 INFO  : Project m3_for_arty_a7_wrapper_hw_platform_0's source hardware specification located at C:/MyFiles/ARM_CP/workspace/software/m3_for_arty_a7_wrapper.hdf is now different from the local copy.
		 The local copy will be replaced with the source specification and your workspace will be updated.
16:55:21 INFO  : Copied contents of C:/MyFiles/ARM_CP/workspace/software/m3_for_arty_a7_wrapper.hdf into \m3_for_arty_a7_wrapper_hw_platform_0\system.hdf.
16:55:23 INFO  : Synchronizing projects in the workspace with the hardware platform specification changes.
16:55:25 INFO  : 
16:55:25 INFO  : Clearing existing target manager status.
16:55:25 INFO  : Closing and re-opening the MSS file of ther project standalone_bsp_0
16:55:26 INFO  : Workspace synchronized with the new hardware specification file. Cleaning dependent projects...
16:55:26 WARN  : Linker script will not be updated automatically. Users need to update it manually.
20:29:57 INFO  : Launching XSCT server: xsct.bat -interactive C:\MyFiles\ARM_CP\workspace\software\m3_for_arty_a7\sdk_workspace\temp_xsdb_launch_script.tcl
20:30:00 INFO  : XSCT server has started successfully.
20:30:01 INFO  : Successfully done setting XSCT server connection channel  
20:30:01 INFO  : Successfully done setting SDK workspace  
20:30:01 INFO  : Restoring global repository preferences: 
		 C:\MyFiles\ARM_CP\workspace\vivado\Arm_sw_repository
20:30:06 INFO  : Registering command handlers for SDK TCF services
20:30:06 INFO  : Processing command line option -hwspec C:/MyFiles/ARM_CP/workspace/software/m3_for_arty_a7_wrapper.hdf.
20:30:07 INFO  : Checking for hwspec changes in the project m3_for_arty_a7_wrapper_hw_platform_0.
20:30:07 INFO  : SDK has detected change in the last modified timestamps for source hardware specification file Source:1555331372292,  Project:1555318518659
20:30:07 INFO  : The hardware specification for project 'm3_for_arty_a7_wrapper_hw_platform_0' is different from C:/MyFiles/ARM_CP/workspace/software/m3_for_arty_a7_wrapper.hdf.
20:30:07 INFO  : Copied contents of C:/MyFiles/ARM_CP/workspace/software/m3_for_arty_a7_wrapper.hdf into \m3_for_arty_a7_wrapper_hw_platform_0\system.hdf.
20:30:09 INFO  : Synchronizing projects in the workspace with the hardware platform specification changes.
20:30:12 INFO  : 
20:30:12 INFO  : Clearing existing target manager status.
20:30:12 INFO  : Closing and re-opening the MSS file of ther project standalone_bsp_0
20:30:13 INFO  : Workspace synchronized with the new hardware specification file. Cleaning dependent projects...
20:30:13 WARN  : Linker script will not be updated automatically. Users need to update it manually.
21:52:45 INFO  : Launching XSCT server: xsct.bat -interactive C:\MyFiles\ARM_CP\workspace\software\m3_for_arty_a7\sdk_workspace\temp_xsdb_launch_script.tcl
21:52:48 INFO  : XSCT server has started successfully.
21:52:48 INFO  : Successfully done setting XSCT server connection channel  
21:52:48 INFO  : Successfully done setting SDK workspace  
21:52:48 INFO  : Restoring global repository preferences: 
		 C:\MyFiles\ARM_CP\workspace\vivado\Arm_sw_repository
21:52:54 INFO  : Registering command handlers for SDK TCF services
21:52:54 INFO  : Processing command line option -hwspec C:/MyFiles/ARM_CP/workspace/software/m3_for_arty_a7_wrapper.hdf.
21:52:54 INFO  : Checking for hwspec changes in the project m3_for_arty_a7_wrapper_hw_platform_0.
21:52:54 INFO  : SDK has detected change in the last modified timestamps for source hardware specification file Source:1556027525247,  Project:1555331372292
21:52:54 INFO  : The hardware specification for project 'm3_for_arty_a7_wrapper_hw_platform_0' is different from C:/MyFiles/ARM_CP/workspace/software/m3_for_arty_a7_wrapper.hdf.
21:52:55 INFO  : Copied contents of C:/MyFiles/ARM_CP/workspace/software/m3_for_arty_a7_wrapper.hdf into \m3_for_arty_a7_wrapper_hw_platform_0\system.hdf.
21:52:57 INFO  : Synchronizing projects in the workspace with the hardware platform specification changes.
21:52:59 INFO  : 
21:52:59 INFO  : Clearing existing target manager status.
21:52:59 INFO  : Closing and re-opening the MSS file of ther project standalone_bsp_0
21:53:00 INFO  : Workspace synchronized with the new hardware specification file. Cleaning dependent projects...
21:53:01 WARN  : Linker script will not be updated automatically. Users need to update it manually.
