#-----------------------------------------------------------
# Webtalk v2018.2 (64-bit)
# SW Build 2258646 on Thu Jun 14 20:03:12 MDT 2018
# 
# Start of session at: Fri Apr 26 21:55:21 2019
# Process ID: 15656
# Current directory: C:/OneDriveLocal/ARM_CP/workspace/software/m3_for_arty_a7/sdk_workspace/webtalk
# Command line: wbtcv.exe -mode batch -source sdk_webtalk.tcl
# Log file: C:/OneDriveLocal/ARM_CP/workspace/software/m3_for_arty_a7/sdk_workspace/webtalk/webtalk.log
# Journal file: C:/OneDriveLocal/ARM_CP/workspace/software/m3_for_arty_a7/sdk_workspace/webtalk\webtalk.jou
#-----------------------------------------------------------
source sdk_webtalk.tcl
# webtalk_init -webtalk_dir C:\\OneDriveLocal\\ARM_CP\\workspace\\software\\m3_for_arty_a7\\sdk_workspace\\webtalk
# webtalk_register_client -client project
# webtalk_add_data -client project -key date_generated -value "2019-04-26 21:55:20" -context "software_version_and_target_device"
# webtalk_add_data -client project -key product_version -value "SDK v2018.2" -context "software_version_and_target_device"
# webtalk_add_data -client project -key build_version -value "2018.2" -context "software_version_and_target_device"
# webtalk_add_data -client project -key os_platform -value "amd64" -context "software_version_and_target_device"
# webtalk_add_data -client project -key registration_id -value "" -context "software_version_and_target_device"
# webtalk_add_data -client project -key tool_flow -value "SDK" -context "software_version_and_target_device"
# webtalk_add_data -client project -key beta -value "false" -context "software_version_and_target_device"
# webtalk_add_data -client project -key route_design -value "NA" -context "software_version_and_target_device"
# webtalk_add_data -client project -key target_family -value "NA" -context "software_version_and_target_device"
# webtalk_add_data -client project -key target_device -value "NA" -context "software_version_and_target_device"
# webtalk_add_data -client project -key target_package -value "NA" -context "software_version_and_target_device"
# webtalk_add_data -client project -key target_speed -value "NA" -context "software_version_and_target_device"
# webtalk_add_data -client project -key random_id -value "4hchf66ofjsalaim66d0sd2a91" -context "software_version_and_target_device"
# webtalk_add_data -client project -key project_id -value "2018.2_5" -context "software_version_and_target_device"
# webtalk_add_data -client project -key project_iteration -value "5" -context "software_version_and_target_device"
# webtalk_add_data -client project -key os_name -value "Microsoft Windows 8 or later , 64-bit" -context "user_environment"
# webtalk_add_data -client project -key os_release -value "major release  (build 9200)" -context "user_environment"
# webtalk_add_data -client project -key cpu_name -value "Intel(R) Core(TM) i7-9700K CPU @ 3.60GHz" -context "user_environment"
# webtalk_add_data -client project -key cpu_speed -value "3600 MHz" -context "user_environment"
# webtalk_add_data -client project -key total_processors -value "1" -context "user_environment"
# webtalk_add_data -client project -key system_ram -value "17.016 GB" -context "user_environment"
# webtalk_register_client -client sdk
# webtalk_add_data -client sdk -key uid -value "1556285795385" -context "sdk\\\\hardware/1556285795385"
# webtalk_add_data -client sdk -key isZynq -value "false" -context "sdk\\\\hardware/1556285795385"
# webtalk_add_data -client sdk -key isZynqMP -value "false" -context "sdk\\\\hardware/1556285795385"
# webtalk_add_data -client sdk -key Processors -value "1" -context "sdk\\\\hardware/1556285795385"
# webtalk_add_data -client sdk -key VivadoVersion -value "2018.2" -context "sdk\\\\hardware/1556285795385"
# webtalk_add_data -client sdk -key Arch -value "artix7" -context "sdk\\\\hardware/1556285795385"
# webtalk_add_data -client sdk -key Device -value "7a100t" -context "sdk\\\\hardware/1556285795385"
# webtalk_add_data -client sdk -key IsHandoff -value "true" -context "sdk\\\\hardware/1556285795385"
# webtalk_add_data -client sdk -key os -value "NA" -context "sdk\\\\hardware/1556285795385"
# webtalk_add_data -client sdk -key apptemplate -value "NA" -context "sdk\\\\hardware/1556285795385"
# webtalk_add_data -client sdk -key RecordType -value "HWCreation" -context "sdk\\\\hardware/1556285795385"
# webtalk_add_data -client sdk -key uid -value "1556285809616" -context "sdk\\\\bsp/1556285809616"
# webtalk_add_data -client sdk -key hwid -value "1556285795385" -context "sdk\\\\bsp/1556285809616"
# webtalk_add_data -client sdk -key os -value "standalone" -context "sdk\\\\bsp/1556285809616"
# webtalk_add_data -client sdk -key apptemplate -value "null" -context "sdk\\\\bsp/1556285809616"
# webtalk_add_data -client sdk -key RecordType -value "BSPCreation" -context "sdk\\\\bsp/1556285809616"
# webtalk_add_data -client sdk -key uid -value "1556285918031" -context "sdk\\\\bsp/1556285918031"
# webtalk_add_data -client sdk -key hwid -value "1556285795385" -context "sdk\\\\bsp/1556285918031"
# webtalk_add_data -client sdk -key os -value "standalone" -context "sdk\\\\bsp/1556285918031"
# webtalk_add_data -client sdk -key apptemplate -value "null" -context "sdk\\\\bsp/1556285918031"
# webtalk_add_data -client sdk -key RecordType -value "BSPCreation" -context "sdk\\\\bsp/1556285918031"
# webtalk_add_data -client sdk -key uid -value "NA" -context "sdk\\\\bsp/1556286920348"
# webtalk_add_data -client sdk -key RecordType -value "ToolUsage" -context "sdk\\\\bsp/1556286920348"
# webtalk_add_data -client sdk -key BootgenCount -value "0" -context "sdk\\\\bsp/1556286920348"
# webtalk_add_data -client sdk -key DebugCount -value "0" -context "sdk\\\\bsp/1556286920348"
# webtalk_add_data -client sdk -key PerfCount -value "0" -context "sdk\\\\bsp/1556286920348"
# webtalk_add_data -client sdk -key FlashCount -value "0" -context "sdk\\\\bsp/1556286920348"
# webtalk_add_data -client sdk -key CrossTriggCount -value "0" -context "sdk\\\\bsp/1556286920348"
# webtalk_add_data -client sdk -key QemuDebugCount -value "0" -context "sdk\\\\bsp/1556286920348"
# webtalk_transmit -clientid 3649655855 -regid "" -xml C:\\OneDriveLocal\\ARM_CP\\workspace\\software\\m3_for_arty_a7\\sdk_workspace\\webtalk\\usage_statistics_ext_sdk.xml -html C:\\OneDriveLocal\\ARM_CP\\workspace\\software\\m3_for_arty_a7\\sdk_workspace\\webtalk\\usage_statistics_ext_sdk.html -wdm C:\\OneDriveLocal\\ARM_CP\\workspace\\software\\m3_for_arty_a7\\sdk_workspace\\webtalk\\sdk_webtalk.wdm -intro "<H3>SDK Usage Report</H3><BR>"
INFO: [Common 17-186] 'C:\OneDriveLocal\ARM_CP\workspace\software\m3_for_arty_a7\sdk_workspace\webtalk\usage_statistics_ext_sdk.xml' has been successfully sent to Xilinx on Fri Apr 26 21:55:40 2019. For additional details about this file, please refer to the WebTalk help file at C:/Xilinx/SDK/2018.2/doc/webtalk_introduction.html.
webtalk_transmit: Time (s): cpu = 00:00:00 ; elapsed = 00:00:06 . Memory (MB): peak = 54.664 ; gain = 0.145
# webtalk_terminate
INFO: [Common 17-206] Exiting Webtalk at Fri Apr 26 21:55:40 2019...
